#
# There is insufficient memory for the Java Runtime Environment to continue.
# Native memory allocation (malloc) failed to allocate 1849360 bytes for Chunk::new
# Possible reasons:
#   The system is out of physical RAM or swap space
#   In 32 bit mode, the process size limit was hit
# Possible solutions:
#   Reduce memory load on the system
#   Increase physical memory or swap space
#   Check if swap backing store is full
#   Use 64 bit Java on a 64 bit OS
#   Decrease Java heap size (-Xmx/-Xms)
#   Decrease number of Java threads
#   Decrease Java thread stack sizes (-Xss)
#   Set larger code cache with -XX:ReservedCodeCacheSize=
# This output file may be truncated or incomplete.
#
#  Out of Memory Error (allocation.cpp:390), pid=4272, tid=0x00000000000012f0
#
# JRE version: Java(TM) SE Runtime Environment (8.0_111-b14) (build 1.8.0_111-b14)
# Java VM: Java HotSpot(TM) 64-Bit Server VM (25.111-b14 mixed mode windows-amd64 compressed oops)
# Failed to write core dump. Minidumps are not enabled by default on client versions of Windows
#

---------------  T H R E A D  ---------------

Current thread (0x0000000054c96800):  JavaThread "C2 CompilerThread0" daemon [_thread_in_native, id=4848, stack(0x0000000056070000,0x0000000056170000)]

Stack: [0x0000000056070000,0x0000000056170000]
[error occurred during error reporting (printing stack bounds), id 0xc0000005]

Native frames: (J=compiled Java code, j=interpreted, Vv=VM code, C=native code)


Current CompileTask:
C2:  46897 1312       4       org.codehaus.groovy.runtime.metaclass.MetaMethodIndex::addMethodToList (290 bytes)


---------------  P R O C E S S  ---------------

Java Threads: ( => current thread )
  0x0000000054cfa800 JavaThread "Service Thread" daemon [_thread_blocked, id=4812, stack(0x00000000557e0000,0x00000000558e0000)]
  0x0000000054cf7000 JavaThread "C1 CompilerThread1" daemon [_thread_blocked, id=3836, stack(0x0000000056240000,0x0000000056340000)]
=>0x0000000054c96800 JavaThread "C2 CompilerThread0" daemon [_thread_in_native, id=4848, stack(0x0000000056070000,0x0000000056170000)]
  0x0000000054c95000 JavaThread "Attach Listener" daemon [_thread_blocked, id=4540, stack(0x0000000055e70000,0x0000000055f70000)]
  0x0000000054c9d000 JavaThread "Signal Dispatcher" daemon [_thread_blocked, id=4320, stack(0x0000000055cd0000,0x0000000055dd0000)]
  0x0000000054c7d800 JavaThread "Finalizer" daemon [_thread_blocked, id=4120, stack(0x0000000055af0000,0x0000000055bf0000)]
  0x0000000054c36800 JavaThread "Reference Handler" daemon [_thread_blocked, id=4324, stack(0x0000000055940000,0x0000000055a40000)]
  0x00000000022fd800 JavaThread "main" [_thread_in_vm, id=4336, stack(0x00000000023a0000,0x00000000024a0000)]

Other Threads:
  0x0000000054c2c800 VMThread [stack: 0x00000000556b0000,0x00000000557b0000] [id=4220]
  0x000000005634a800 WatcherThread [stack: 0x00000000568f0000,0x00000000569f0000] [id=4808]

VM state:not at safepoint (normal execution)

VM Mutex/Monitor currently owned by a thread: None

Heap:
 PSYoungGen      total 22528K, used 7651K [0x00000000eb400000, 0x00000000ed000000, 0x0000000100000000)
  eden space 16384K, 14% used [0x00000000eb400000,0x00000000eb65bba0,0x00000000ec400000)
  from space 6144K, 85% used [0x00000000ec400000,0x00000000ec91d198,0x00000000eca00000)
  to   space 6144K, 0% used [0x00000000eca00000,0x00000000eca00000,0x00000000ed000000)
 ParOldGen       total 44032K, used 9186K [0x00000000c1c00000, 0x00000000c4700000, 0x00000000eb400000)
  object space 44032K, 20% used [0x00000000c1c00000,0x00000000c24f8a28,0x00000000c4700000)
 Metaspace       used 18825K, capacity 19208K, committed 19456K, reserved 1067008K
  class space    used 2555K, capacity 2705K, committed 2816K, reserved 1048576K

Card table byte_map: [0x0000000011be0000,0x0000000011de0000] byte_map_base: 0x00000000115d2000

Marking Bits: (ParMarkBitMap*) 0x000000007110a6c0
 Begin Bits: [0x00000000121e0000, 0x0000000013170000)
 End Bits:   [0x0000000013170000, 0x0000000014100000)

Polling page: 0x0000000000230000

CodeCache: size=245760Kb used=5872Kb max_used=5872Kb free=239888Kb
 bounds [0x0000000002820000, 0x0000000002de0000, 0x0000000011820000]
 total_blobs=1927 nmethods=1354 adapters=485
 compilation: disabled (not enough contiguous free space left)

Compilation events (10 events):
Event: 44.260 Thread 0x0000000054cf7000 1358       3       org.codehaus.groovy.runtime.metaclass.MetaMethodIndex::getHeader (38 bytes)
Event: 44.261 Thread 0x0000000054cf7000 nmethod 1358 0x0000000002d04350 code [0x0000000002d04500, 0x0000000002d04ab8]
Event: 44.267 Thread 0x0000000054cf7000 1359       3       sun.reflect.generics.tree.ClassTypeSignature::accept (8 bytes)
Event: 44.267 Thread 0x0000000054cf7000 nmethod 1359 0x0000000002d04d90 code [0x0000000002d04f00, 0x0000000002d050e8]
Event: 44.268 Thread 0x0000000054cf7000 1360       3       java.lang.Class::getDeclaringClass (22 bytes)
Event: 44.268 Thread 0x0000000054cf7000 nmethod 1360 0x0000000002d051d0 code [0x0000000002d05360, 0x0000000002d056e8]
Event: 44.269 Thread 0x0000000054cf7000 1362   !   3       java.beans.PropertyDescriptor::findPropertyType (188 bytes)
Event: 44.278 Thread 0x0000000054cf7000 nmethod 1362 0x0000000002d05bd0 code [0x0000000002d06320, 0x0000000002d0b1c8]
Event: 44.278 Thread 0x0000000054cf7000 1363       3       java.beans.PropertyDescriptor::setPropertyType (9 bytes)
Event: 44.279 Thread 0x0000000054cf7000 nmethod 1363 0x0000000002d0eb90 code [0x0000000002d0ed20, 0x0000000002d0f0a8]

GC Heap History (10 events):
Event: 20.410 GC heap after
Heap after GC invocations=2 (full 0):
 PSYoungGen      total 18944K, used 2539K [0x00000000eb400000, 0x00000000ec900000, 0x0000000100000000)
  eden space 16384K, 0% used [0x00000000eb400000,0x00000000eb400000,0x00000000ec400000)
  from space 2560K, 99% used [0x00000000ec680000,0x00000000ec8fada0,0x00000000ec900000)
  to   space 2560K, 0% used [0x00000000ec400000,0x00000000ec400000,0x00000000ec680000)
 ParOldGen       total 44032K, used 1665K [0x00000000c1c00000, 0x00000000c4700000, 0x00000000eb400000)
  object space 44032K, 3% used [0x00000000c1c00000,0x00000000c1da0770,0x00000000c4700000)
 Metaspace       used 8383K, capacity 8618K, committed 8960K, reserved 1056768K
  class space    used 1112K, capacity 1186K, committed 1280K, reserved 1048576K
}
Event: 26.945 GC heap before
{Heap before GC invocations=3 (full 0):
 PSYoungGen      total 18944K, used 18923K [0x00000000eb400000, 0x00000000ec900000, 0x0000000100000000)
  eden space 16384K, 100% used [0x00000000eb400000,0x00000000ec400000,0x00000000ec400000)
  from space 2560K, 99% used [0x00000000ec680000,0x00000000ec8fada0,0x00000000ec900000)
  to   space 2560K, 0% used [0x00000000ec400000,0x00000000ec400000,0x00000000ec680000)
 ParOldGen       total 44032K, used 1665K [0x00000000c1c00000, 0x00000000c4700000, 0x00000000eb400000)
  object space 44032K, 3% used [0x00000000c1c00000,0x00000000c1da0770,0x00000000c4700000)
 Metaspace       used 9480K, capacity 9732K, committed 9856K, reserved 1058816K
  class space    used 1289K, capacity 1388K, committed 1408K, reserved 1048576K
Event: 26.954 GC heap after
Heap after GC invocations=3 (full 0):
 PSYoungGen      total 18944K, used 2544K [0x00000000eb400000, 0x00000000ec900000, 0x0000000100000000)
  eden space 16384K, 0% used [0x00000000eb400000,0x00000000eb400000,0x00000000ec400000)
  from space 2560K, 99% used [0x00000000ec400000,0x00000000ec67c030,0x00000000ec680000)
  to   space 2560K, 0% used [0x00000000ec680000,0x00000000ec680000,0x00000000ec900000)
 ParOldGen       total 44032K, used 2813K [0x00000000c1c00000, 0x00000000c4700000, 0x00000000eb400000)
  object space 44032K, 6% used [0x00000000c1c00000,0x00000000c1ebf6b8,0x00000000c4700000)
 Metaspace       used 9480K, capacity 9732K, committed 9856K, reserved 1058816K
  class space    used 1289K, capacity 1388K, committed 1408K, reserved 1048576K
}
Event: 33.415 GC heap before
{Heap before GC invocations=4 (full 0):
 PSYoungGen      total 18944K, used 18928K [0x00000000eb400000, 0x00000000ec900000, 0x0000000100000000)
  eden space 16384K, 100% used [0x00000000eb400000,0x00000000ec400000,0x00000000ec400000)
  from space 2560K, 99% used [0x00000000ec400000,0x00000000ec67c030,0x00000000ec680000)
  to   space 2560K, 0% used [0x00000000ec680000,0x00000000ec680000,0x00000000ec900000)
 ParOldGen       total 44032K, used 2813K [0x00000000c1c00000, 0x00000000c4700000, 0x00000000eb400000)
  object space 44032K, 6% used [0x00000000c1c00000,0x00000000c1ebf6b8,0x00000000c4700000)
 Metaspace       used 13452K, capacity 13732K, committed 13952K, reserved 1060864K
  class space    used 1800K, capacity 1868K, committed 1920K, reserved 1048576K
Event: 33.430 GC heap after
Heap after GC invocations=4 (full 0):
 PSYoungGen      total 18944K, used 2528K [0x00000000eb400000, 0x00000000ec900000, 0x0000000100000000)
  eden space 16384K, 0% used [0x00000000eb400000,0x00000000eb400000,0x00000000ec400000)
  from space 2560K, 98% used [0x00000000ec680000,0x00000000ec8f8020,0x00000000ec900000)
  to   space 2560K, 0% used [0x00000000ec400000,0x00000000ec400000,0x00000000ec680000)
 ParOldGen       total 44032K, used 6273K [0x00000000c1c00000, 0x00000000c4700000, 0x00000000eb400000)
  object space 44032K, 14% used [0x00000000c1c00000,0x00000000c22204f0,0x00000000c4700000)
 Metaspace       used 13452K, capacity 13732K, committed 13952K, reserved 1060864K
  class space    used 1800K, capacity 1868K, committed 1920K, reserved 1048576K
}
Event: 36.925 GC heap before
{Heap before GC invocations=5 (full 0):
 PSYoungGen      total 18944K, used 18912K [0x00000000eb400000, 0x00000000ec900000, 0x0000000100000000)
  eden space 16384K, 100% used [0x00000000eb400000,0x00000000ec400000,0x00000000ec400000)
  from space 2560K, 98% used [0x00000000ec680000,0x00000000ec8f8020,0x00000000ec900000)
  to   space 2560K, 0% used [0x00000000ec400000,0x00000000ec400000,0x00000000ec680000)
 ParOldGen       total 44032K, used 6273K [0x00000000c1c00000, 0x00000000c4700000, 0x00000000eb400000)
  object space 44032K, 14% used [0x00000000c1c00000,0x00000000c22204f0,0x00000000c4700000)
 Metaspace       used 15265K, capacity 15620K, committed 15872K, reserved 1062912K
  class space    used 2112K, capacity 2220K, committed 2304K, reserved 1048576K
Event: 36.968 GC heap after
Heap after GC invocations=5 (full 0):
 PSYoungGen      total 18944K, used 2544K [0x00000000eb400000, 0x00000000ed000000, 0x0000000100000000)
  eden space 16384K, 0% used [0x00000000eb400000,0x00000000eb400000,0x00000000ec400000)
  from space 2560K, 99% used [0x00000000ec400000,0x00000000ec67c030,0x00000000ec680000)
  to   space 6144K, 0% used [0x00000000eca00000,0x00000000eca00000,0x00000000ed000000)
 ParOldGen       total 44032K, used 8558K [0x00000000c1c00000, 0x00000000c4700000, 0x00000000eb400000)
  object space 44032K, 19% used [0x00000000c1c00000,0x00000000c245b988,0x00000000c4700000)
 Metaspace       used 15265K, capacity 15620K, committed 15872K, reserved 1062912K
  class space    used 2112K, capacity 2220K, committed 2304K, reserved 1048576K
}
Event: 40.043 GC heap before
{Heap before GC invocations=6 (full 0):
 PSYoungGen      total 18944K, used 18928K [0x00000000eb400000, 0x00000000ed000000, 0x0000000100000000)
  eden space 16384K, 100% used [0x00000000eb400000,0x00000000ec400000,0x00000000ec400000)
  from space 2560K, 99% used [0x00000000ec400000,0x00000000ec67c030,0x00000000ec680000)
  to   space 6144K, 0% used [0x00000000eca00000,0x00000000eca00000,0x00000000ed000000)
 ParOldGen       total 44032K, used 8558K [0x00000000c1c00000, 0x00000000c4700000, 0x00000000eb400000)
  object space 44032K, 19% used [0x00000000c1c00000,0x00000000c245b988,0x00000000c4700000)
 Metaspace       used 16805K, capacity 17060K, committed 17408K, reserved 1064960K
  class space    used 2345K, capacity 2444K, committed 2560K, reserved 1048576K
Event: 40.057 GC heap after
Heap after GC invocations=6 (full 0):
 PSYoungGen      total 22528K, used 4481K [0x00000000eb400000, 0x00000000ed000000, 0x0000000100000000)
  eden space 16384K, 0% used [0x00000000eb400000,0x00000000eb400000,0x00000000ec400000)
  from space 6144K, 72% used [0x00000000eca00000,0x00000000ece605f0,0x00000000ed000000)
  to   space 6144K, 0% used [0x00000000ec400000,0x00000000ec400000,0x00000000eca00000)
 ParOldGen       total 44032K, used 8558K [0x00000000c1c00000, 0x00000000c4700000, 0x00000000eb400000)
  object space 44032K, 19% used [0x00000000c1c00000,0x00000000c245b988,0x00000000c4700000)
 Metaspace       used 16805K, capacity 17060K, committed 17408K, reserved 1064960K
  class space    used 2345K, capacity 2444K, committed 2560K, reserved 1048576K
}
Event: 44.706 GC heap before
{Heap before GC invocations=7 (full 0):
 PSYoungGen      total 22528K, used 20266K [0x00000000eb400000, 0x00000000ed000000, 0x0000000100000000)
  eden space 16384K, 96% used [0x00000000eb400000,0x00000000ec36a5b0,0x00000000ec400000)
  from space 6144K, 72% used [0x00000000eca00000,0x00000000ece605f0,0x00000000ed000000)
  to   space 6144K, 0% used [0x00000000ec400000,0x00000000ec400000,0x00000000eca00000)
 ParOldGen       total 44032K, used 8558K [0x00000000c1c00000, 0x00000000c4700000, 0x00000000eb400000)
  object space 44032K, 19% used [0x00000000c1c00000,0x00000000c245b988,0x00000000c4700000)
 Metaspace       used 18226K, capacity 18568K, committed 18944K, reserved 1064960K
  class space    used 2555K, capacity 2705K, committed 2816K, reserved 1048576K

Deoptimization events (10 events):
Event: 36.430 Thread 0x00000000022fd800 Uncommon trap: reason=class_check action=maybe_recompile pc=0x0000000002bd2ca4 method=org.gradle.internal.service.DefaultServiceRegistry$SingletonService.getService(Lorg/gradle/internal/service/DefaultServiceRegistry$LookupContext;Lorg/gradle/internal/ser
Event: 36.430 Thread 0x00000000022fd800 Uncommon trap: reason=class_check action=maybe_recompile pc=0x0000000002bd2ca4 method=org.gradle.internal.service.DefaultServiceRegistry$SingletonService.getService(Lorg/gradle/internal/service/DefaultServiceRegistry$LookupContext;Lorg/gradle/internal/ser
Event: 36.430 Thread 0x00000000022fd800 Uncommon trap: reason=class_check action=maybe_recompile pc=0x0000000002bd2ca4 method=org.gradle.internal.service.DefaultServiceRegistry$SingletonService.getService(Lorg/gradle/internal/service/DefaultServiceRegistry$LookupContext;Lorg/gradle/internal/ser
Event: 38.440 Thread 0x00000000022fd800 Uncommon trap: reason=unstable_if action=reinterpret pc=0x0000000002ab2798 method=java.io.WinNTFileSystem.resolve(Ljava/lang/String;Ljava/lang/String;)Ljava/lang/String; @ 49
Event: 40.631 Thread 0x00000000022fd800 Uncommon trap: reason=unstable_if action=reinterpret pc=0x0000000002aa9fac method=java.lang.AbstractStringBuilder.append(Ljava/lang/String;)Ljava/lang/AbstractStringBuilder; @ 1
Event: 40.631 Thread 0x00000000022fd800 Uncommon trap: reason=unstable_if action=reinterpret pc=0x0000000002a49f70 method=java.lang.AbstractStringBuilder.append(Ljava/lang/String;)Ljava/lang/AbstractStringBuilder; @ 1
Event: 43.639 Thread 0x00000000022fd800 Uncommon trap: reason=class_check action=maybe_recompile pc=0x0000000002a07160 method=sun.misc.URLClassPath.getLoader(I)Lsun/misc/URLClassPath$Loader; @ 94
Event: 43.639 Thread 0x00000000022fd800 Uncommon trap: reason=class_check action=maybe_recompile pc=0x0000000002c05d1c method=sun.misc.URLClassPath.getResource(Ljava/lang/String;Z)Lsun/misc/Resource; @ 62
Event: 43.811 Thread 0x00000000022fd800 Uncommon trap: reason=class_check action=maybe_recompile pc=0x0000000002a07318 method=sun.misc.URLClassPath.getLoader(I)Lsun/misc/URLClassPath$Loader; @ 193
Event: 43.812 Thread 0x00000000022fd800 Uncommon trap: reason=class_check action=maybe_recompile pc=0x0000000002a07318 method=sun.misc.URLClassPath.getLoader(I)Lsun/misc/URLClassPath$Loader; @ 193

Internal exceptions (10 events):
Event: 44.218 Thread 0x00000000022fd800 Exception <a 'java/lang/ClassNotFoundException': org/gradle/initialization/DefaultSettings_DecoratedBeanInfo> (0x00000000ec0987e0) thrown at [C:\re\workspace\8-2-build-windows-amd64-cygwin\jdk8u111\7883\hotspot\src\share\vm\classfile\systemDictionary.cpp,
Event: 44.220 Thread 0x00000000022fd800 Exception <a 'java/lang/ClassNotFoundException': org/gradle/initialization/DefaultSettingsBeanInfo> (0x00000000ec0b3f88) thrown at [C:\re\workspace\8-2-build-windows-amd64-cygwin\jdk8u111\7883\hotspot\src\share\vm\classfile\systemDictionary.cpp, line 210]
Event: 44.221 Thread 0x00000000022fd800 Exception <a 'java/lang/ClassNotFoundException': org/gradle/initialization/BaseSettingsBeanInfo> (0x00000000ec0ce7c0) thrown at [C:\re\workspace\8-2-build-windows-amd64-cygwin\jdk8u111\7883\hotspot\src\share\vm\classfile\systemDictionary.cpp, line 210]
Event: 44.223 Thread 0x00000000022fd800 Exception <a 'java/lang/ClassNotFoundException': org/gradle/api/internal/project/AbstractPluginAwareBeanInfo> (0x00000000ec0eea80) thrown at [C:\re\workspace\8-2-build-windows-amd64-cygwin\jdk8u111\7883\hotspot\src\share\vm\classfile\systemDictionary.cpp,
Event: 44.224 Thread 0x00000000022fd800 Exception <a 'java/lang/ClassNotFoundException': org/gradle/api/internal/project/AbstractPluginAwareCustomizer> (0x00000000ec10f200) thrown at [C:\re\workspace\8-2-build-windows-amd64-cygwin\jdk8u111\7883\hotspot\src\share\vm\classfile\systemDictionary.cp
Event: 44.228 Thread 0x00000000022fd800 Exception <a 'java/lang/ClassNotFoundException': org/gradle/initialization/BaseSettingsCustomizer> (0x00000000ec130b00) thrown at [C:\re\workspace\8-2-build-windows-amd64-cygwin\jdk8u111\7883\hotspot\src\share\vm\classfile\systemDictionary.cpp, line 210]
Event: 44.236 Thread 0x00000000022fd800 Exception <a 'java/lang/ClassNotFoundException': org/gradle/initialization/DefaultSettingsCustomizer> (0x00000000ec172a98) thrown at [C:\re\workspace\8-2-build-windows-amd64-cygwin\jdk8u111\7883\hotspot\src\share\vm\classfile\systemDictionary.cpp, line 21
Event: 44.238 Thread 0x00000000022fd800 Exception <a 'java/lang/ClassNotFoundException': org/gradle/initialization/DefaultSettings_DecoratedCustomizer> (0x00000000ec198708) thrown at [C:\re\workspace\8-2-build-windows-amd64-cygwin\jdk8u111\7883\hotspot\src\share\vm\classfile\systemDictionary.cp
Event: 44.265 Thread 0x00000000022fd800 Exception <a 'java/lang/ClassNotFoundException': org/gradle/initialization/DefaultProjectDescriptorBeanInfo> (0x00000000ec211b20) thrown at [C:\re\workspace\8-2-build-windows-amd64-cygwin\jdk8u111\7883\hotspot\src\share\vm\classfile\systemDictionary.cpp, 
Event: 44.266 Thread 0x00000000022fd800 Exception <a 'java/lang/ClassNotFoundException': org/gradle/initialization/DefaultProjectDescriptorCustomizer> (0x00000000ec2314d0) thrown at [C:\re\workspace\8-2-build-windows-amd64-cygwin\jdk8u111\7883\hotspot\src\share\vm\classfile\systemDictionary.cpp

Events (10 events):
Event: 44.265 loading class org/gradle/initialization/DefaultProjectDescriptorCustomizer done
Event: 44.265 loading class org/gradle/initialization/DefaultProjectDescriptorCustomizer
Event: 44.265 loading class org/gradle/initialization/DefaultProjectDescriptorCustomizer done
Event: 44.266 loading class org/gradle/initialization/DefaultProjectDescriptorCustomizer
Event: 44.266 loading class org/gradle/initialization/DefaultProjectDescriptorCustomizer done
Event: 44.281 loading class org/codehaus/groovy/runtime/typehandling/DefaultTypeTransformation
Event: 44.281 loading class org/codehaus/groovy/runtime/typehandling/DefaultTypeTransformation done
Event: 44.546 loading class org/codehaus/groovy/runtime/ArrayUtil
Event: 44.546 loading class org/codehaus/groovy/runtime/ArrayUtil done
Event: 44.705 Executing VM operation: ParallelGCFailedAllocation


Dynamic libraries:
0x000000013f120000 - 0x000000013f157000 	C:\ProgramData\Oracle\Java\javapath\java.exe
0x0000000076da0000 - 0x0000000076f49000 	C:\Windows\SYSTEM32\ntdll.dll
0x0000000076b80000 - 0x0000000076c9f000 	C:\Windows\system32\kernel32.dll
0x000007fefce90000 - 0x000007fefcefc000 	C:\Windows\system32\KERNELBASE.dll
0x000007fefd2e0000 - 0x000007fefd3bb000 	C:\Windows\system32\ADVAPI32.dll
0x000007fefea30000 - 0x000007fefeacf000 	C:\Windows\system32\msvcrt.dll
0x000007fefe3d0000 - 0x000007fefe3ef000 	C:\Windows\SYSTEM32\sechost.dll
0x000007fefd430000 - 0x000007fefd55d000 	C:\Windows\system32\RPCRT4.dll
0x0000000076ca0000 - 0x0000000076d9a000 	C:\Windows\system32\USER32.dll
0x000007fefe9c0000 - 0x000007fefea27000 	C:\Windows\system32\GDI32.dll
0x000007fefd3d0000 - 0x000007fefd3de000 	C:\Windows\system32\LPK.dll
0x000007fefead0000 - 0x000007fefeb99000 	C:\Windows\system32\USP10.dll
0x000007fefb590000 - 0x000007fefb784000 	C:\Windows\WinSxS\amd64_microsoft.windows.common-controls_6595b64144ccf1df_6.0.7601.17514_none_fa396087175ac9ac\COMCTL32.dll
0x000007fefd0d0000 - 0x000007fefd141000 	C:\Windows\system32\SHLWAPI.dll
0x000007fefe990000 - 0x000007fefe9be000 	C:\Windows\system32\IMM32.DLL
0x000007fefe880000 - 0x000007fefe989000 	C:\Windows\system32\MSCTF.dll
0x0000000071190000 - 0x0000000071262000 	C:\Program Files\Java\jre1.8.0_111\bin\msvcr100.dll
0x00000000708f0000 - 0x000000007118a000 	C:\Program Files\Java\jre1.8.0_111\bin\server\jvm.dll
0x000007fee6700000 - 0x000007fee6709000 	C:\Windows\system32\WSOCK32.dll
0x000007fefd3e0000 - 0x000007fefd42d000 	C:\Windows\system32\WS2_32.dll
0x000007fefd3c0000 - 0x000007fefd3c8000 	C:\Windows\system32\NSI.dll
0x000007fefaa50000 - 0x000007fefaa8b000 	C:\Windows\system32\WINMM.dll
0x000007fefbe00000 - 0x000007fefbe0c000 	C:\Windows\system32\VERSION.dll
0x0000000076f70000 - 0x0000000076f77000 	C:\Windows\system32\PSAPI.DLL
0x0000000071340000 - 0x000000007134f000 	C:\Program Files\Java\jre1.8.0_111\bin\verify.dll
0x0000000071310000 - 0x0000000071339000 	C:\Program Files\Java\jre1.8.0_111\bin\java.dll
0x00000000712f0000 - 0x0000000071306000 	C:\Program Files\Java\jre1.8.0_111\bin\zip.dll
0x000007fefd560000 - 0x000007fefe2e9000 	C:\Windows\system32\SHELL32.dll
0x000007fefeea0000 - 0x000007feff0a3000 	C:\Windows\system32\ole32.dll
0x000007fefcca0000 - 0x000007fefccaf000 	C:\Windows\system32\profapi.dll
0x00000000712d0000 - 0x00000000712ea000 	C:\Program Files\Java\jre1.8.0_111\bin\net.dll
0x000007fefc4d0000 - 0x000007fefc525000 	C:\Windows\system32\mswsock.dll
0x000007fefc4c0000 - 0x000007fefc4c7000 	C:\Windows\System32\wship6.dll
0x00000000712b0000 - 0x00000000712c1000 	C:\Program Files\Java\jre1.8.0_111\bin\nio.dll
0x000007fee58b0000 - 0x000007fee58c2000 	C:\Users\ed\.gradle\native\19\windows-amd64\native-platform.dll
0x0000000180000000 - 0x0000000180037000 	C:\Users\ed\.gradle\native\jna\win32-amd64\jnidispatch.dll
0x000007fefc530000 - 0x000007fefc548000 	C:\Windows\system32\CRYPTSP.dll
0x000007fefc230000 - 0x000007fefc277000 	C:\Windows\system32\rsaenh.dll
0x000007fefbfe0000 - 0x000007fefbffe000 	C:\Windows\system32\USERENV.dll
0x000007fefcb30000 - 0x000007fefcb3f000 	C:\Windows\system32\CRYPTBASE.dll
0x000007fefa070000 - 0x000007fefa097000 	C:\Windows\system32\IPHLPAPI.DLL
0x000007fefa000000 - 0x000007fefa00b000 	C:\Windows\system32\WINNSI.DLL
0x000007fef9d90000 - 0x000007fef9da1000 	C:\Windows\system32\dhcpcsvc6.DLL
0x000007fef9ce0000 - 0x000007fef9cf8000 	C:\Windows\system32\dhcpcsvc.DLL
0x00000000712a0000 - 0x00000000712ad000 	C:\Program Files\Java\jre1.8.0_111\bin\management.dll
0x000007fefcbe0000 - 0x000007fefcc37000 	C:\Windows\system32\apphelp.dll

VM Arguments:
jvm_args: -Dorg.gradle.appname=gradlew 
java_command: org.gradle.wrapper.GradleWrapperMain installDebug
java_class_path (initial): C:\!DISK\GitHub\Budget\an-budget\android\\gradle\wrapper\gradle-wrapper.jar
Launcher Type: SUN_STANDARD

Environment Variables:
CLASSPATH=C:\!DISK\GitHub\Budget\an-budget\android\\gradle\wrapper\gradle-wrapper.jar
PATH=C:\ProgramData\Oracle\Java\javapath;C:\Windows\system32;C:\Windows;C:\Windows\System32\Wbem;C:\Windows\System32\WindowsPowerShell\v1.0\;C:\Program Files (x86)\Skype\Phone\;C:\Program Files\Git\cmd;C:\Program Files\nodejs\;C:\Users\ed\AppData\Roaming\npm;C:\Program Files\Heroku\bin;C:\Program Files\Java\jdk1.8.0_111\bin
USERNAME=ed
OS=Windows_NT
PROCESSOR_IDENTIFIER=Intel64 Family 6 Model 55 Stepping 8, GenuineIntel



---------------  S Y S T E M  ---------------

OS: Windows 7 , 64 bit Build 7601 (6.1.7601.18409)

CPU:total 2 (2 cores per cpu, 1 threads per core) family 6 model 55 stepping 8, cmov, cx8, fxsr, mmx, sse, sse2, sse3, ssse3, sse4.1, sse4.2, popcnt, clmul, erms, 3dnowpref, tsc, tscinvbit

Memory: 4k page, physical 4075892k(402808k free), swap 5098036k(4812k free)

vm_info: Java HotSpot(TM) 64-Bit Server VM (25.111-b14) for windows-amd64 JRE (1.8.0_111-b14), built on Sep 22 2016 19:24:05 by "java_re" with MS VC++ 10.0 (VS2010)

time: Thu Feb 23 15:06:50 2017
elapsed time: 47 seconds (0d 0h 0m 47s)

