#
# There is insufficient memory for the Java Runtime Environment to continue.
# Native memory allocation (malloc) failed to allocate 630464 bytes for Chunk::new
# Possible reasons:
#   The system is out of physical RAM or swap space
#   In 32 bit mode, the process size limit was hit
# Possible solutions:
#   Reduce memory load on the system
#   Increase physical memory or swap space
#   Check if swap backing store is full
#   Use 64 bit Java on a 64 bit OS
#   Decrease Java heap size (-Xmx/-Xms)
#   Decrease number of Java threads
#   Decrease Java thread stack sizes (-Xss)
#   Set larger code cache with -XX:ReservedCodeCacheSize=
# This output file may be truncated or incomplete.
#
#  Out of Memory Error (allocation.cpp:390), pid=3300, tid=0x0000000000000dbc
#
# JRE version: Java(TM) SE Runtime Environment (8.0_111-b14) (build 1.8.0_111-b14)
# Java VM: Java HotSpot(TM) 64-Bit Server VM (25.111-b14 mixed mode windows-amd64 compressed oops)
# Failed to write core dump. Minidumps are not enabled by default on client versions of Windows
#

---------------  T H R E A D  ---------------

Current thread (0x0000000054cfc000):  JavaThread "C2 CompilerThread0" daemon [_thread_in_native, id=3516, stack(0x0000000056040000,0x0000000056140000)]

Stack: [0x0000000056040000,0x0000000056140000]
[error occurred during error reporting (printing stack bounds), id 0xc0000005]

Native frames: (J=compiled Java code, j=interpreted, Vv=VM code, C=native code)


Current CompileTask:
C2:  15049 1442       4       com.android.dx.ssa.SCCP::simulateBlock (54 bytes)


---------------  P R O C E S S  ---------------

Java Threads: ( => current thread )
  0x00000000565ad000 JavaThread "pool-1-thread-4" [_thread_in_Java, id=2288, stack(0x0000000056e60000,0x0000000056f60000)]
  0x00000000565ac800 JavaThread "pool-1-thread-3" [_thread_blocked, id=1148, stack(0x0000000056c50000,0x0000000056d50000)]
  0x00000000565ab000 JavaThread "pool-1-thread-2" [_thread_blocked, id=4784, stack(0x0000000055cc0000,0x0000000055dc0000)]
  0x000000005654d800 JavaThread "pool-2-thread-1" [_thread_blocked, id=3328, stack(0x0000000056800000,0x0000000056900000)]
  0x000000005654b000 JavaThread "pool-1-thread-1" [_thread_blocked, id=4808, stack(0x0000000056aa0000,0x0000000056ba0000)]
  0x0000000054d39000 JavaThread "Service Thread" daemon [_thread_blocked, id=4020, stack(0x0000000056300000,0x0000000056400000)]
  0x0000000054d13800 JavaThread "C1 CompilerThread1" daemon [_thread_blocked, id=3824, stack(0x0000000056180000,0x0000000056280000)]
=>0x0000000054cfc000 JavaThread "C2 CompilerThread0" daemon [_thread_in_native, id=3516, stack(0x0000000056040000,0x0000000056140000)]
  0x0000000054cf7000 JavaThread "Attach Listener" daemon [_thread_blocked, id=4992, stack(0x0000000055ec0000,0x0000000055fc0000)]
  0x0000000054cf5000 JavaThread "Signal Dispatcher" daemon [_thread_blocked, id=2448, stack(0x0000000055dc0000,0x0000000055ec0000)]
  0x0000000054cde800 JavaThread "Finalizer" daemon [_thread_blocked, id=3236, stack(0x0000000055b80000,0x0000000055c80000)]
  0x0000000054c95000 JavaThread "Reference Handler" daemon [_thread_blocked, id=2092, stack(0x0000000055a10000,0x0000000055b10000)]
  0x00000000022de000 JavaThread "main" [_thread_blocked, id=552, stack(0x0000000002330000,0x0000000002430000)]

Other Threads:
  0x0000000054c8d000 VMThread [stack: 0x00000000557a0000,0x00000000558a0000] [id=3800]
  0x0000000056430800 WatcherThread [stack: 0x0000000056980000,0x0000000056a80000] [id=3596]

VM state:synchronizing (normal execution)

VM Mutex/Monitor currently owned by a thread:  ([mutex/lock_event])
[0x00000000022dc140] Safepoint_lock - owner thread: 0x0000000054c8d000
[0x00000000022dc1c0] Threads_lock - owner thread: 0x0000000054c8d000

Heap:
 PSYoungGen      total 35328K, used 15833K [0x00000000eab00000, 0x00000000ed000000, 0x0000000100000000)
  eden space 32768K, 40% used [0x00000000eab00000,0x00000000eb7fe6a8,0x00000000ecb00000)
  from space 2560K, 98% used [0x00000000ecd80000,0x00000000ecff8010,0x00000000ed000000)
  to   space 2560K, 0% used [0x00000000ecb00000,0x00000000ecb00000,0x00000000ecd80000)
 ParOldGen       total 44032K, used 4028K [0x00000000c0000000, 0x00000000c2b00000, 0x00000000eab00000)
  object space 44032K, 9% used [0x00000000c0000000,0x00000000c03ef1f0,0x00000000c2b00000)
 Metaspace       used 6185K, capacity 7064K, committed 7424K, reserved 1056768K
  class space    used 618K, capacity 656K, committed 768K, reserved 1048576K

Card table byte_map: [0x0000000011ac0000,0x0000000011cd0000] byte_map_base: 0x00000000114c0000

Marking Bits: (ParMarkBitMap*) 0x00000000703ba6c0
 Begin Bits: [0x0000000012160000, 0x0000000013160000)
 End Bits:   [0x0000000013160000, 0x0000000014160000)

Polling page: 0x0000000000140000

CodeCache: size=245760Kb used=6356Kb max_used=6356Kb free=239403Kb
 bounds [0x0000000002700000, 0x0000000002d40000, 0x0000000011700000]
 total_blobs=1712 nmethods=1444 adapters=182
 compilation: enabled

Compilation events (10 events):
Event: 14.585 Thread 0x0000000054cfc000 1438       4       com.android.dx.util.BitIntSet$1::next (42 bytes)
Event: 14.588 Thread 0x0000000054cfc000 nmethod 1438 0x0000000002d11710 code [0x0000000002d11860, 0x0000000002d11998]
Event: 14.589 Thread 0x0000000054cfc000 1439       4       com.android.dx.rop.code.RegisterSpec::<init> (8 bytes)
Event: 14.590 Thread 0x0000000054cfc000 nmethod 1439 0x0000000002d11450 code [0x0000000002d11580, 0x0000000002d11638]
Event: 14.591 Thread 0x0000000054cfc000 1440       4       com.android.dx.rop.code.RegisterSpec::<init> (48 bytes)
Event: 14.592 Thread 0x0000000054cfc000 nmethod 1440 0x0000000002c7cb50 code [0x0000000002c7cc80, 0x0000000002c7cd38]
Event: 14.592 Thread 0x0000000054cfc000 1441       4       com.android.dx.ssa.SsaRenamer$BlockRenamer::visitNonMoveInsn (14 bytes)
Event: 14.607 Thread 0x0000000054d13800 nmethod 1435 0x0000000002d30190 code [0x0000000002d30680, 0x0000000002d33d98]
Event: 14.659 Thread 0x0000000054cfc000 nmethod 1441 0x0000000002d39150 code [0x0000000002d39360, 0x0000000002d3a360]
Event: 14.660 Thread 0x0000000054cfc000 1442       4       com.android.dx.ssa.SCCP::simulateBlock (54 bytes)

GC Heap History (4 events):
Event: 4.619 GC heap before
{Heap before GC invocations=1 (full 0):
 PSYoungGen      total 18944K, used 16384K [0x00000000eab00000, 0x00000000ec000000, 0x0000000100000000)
  eden space 16384K, 100% used [0x00000000eab00000,0x00000000ebb00000,0x00000000ebb00000)
  from space 2560K, 0% used [0x00000000ebd80000,0x00000000ebd80000,0x00000000ec000000)
  to   space 2560K, 0% used [0x00000000ebb00000,0x00000000ebb00000,0x00000000ebd80000)
 ParOldGen       total 44032K, used 0K [0x00000000c0000000, 0x00000000c2b00000, 0x00000000eab00000)
  object space 44032K, 0% used [0x00000000c0000000,0x00000000c0000000,0x00000000c2b00000)
 Metaspace       used 5877K, capacity 6808K, committed 7168K, reserved 1056768K
  class space    used 614K, capacity 656K, committed 768K, reserved 1048576K
Event: 4.779 GC heap after
Heap after GC invocations=1 (full 0):
 PSYoungGen      total 18944K, used 2538K [0x00000000eab00000, 0x00000000ed000000, 0x0000000100000000)
  eden space 16384K, 0% used [0x00000000eab00000,0x00000000eab00000,0x00000000ebb00000)
  from space 2560K, 99% used [0x00000000ebb00000,0x00000000ebd7aa90,0x00000000ebd80000)
  to   space 2560K, 0% used [0x00000000ecd80000,0x00000000ecd80000,0x00000000ed000000)
 ParOldGen       total 44032K, used 1853K [0x00000000c0000000, 0x00000000c2b00000, 0x00000000eab00000)
  object space 44032K, 4% used [0x00000000c0000000,0x00000000c01cf750,0x00000000c2b00000)
 Metaspace       used 5877K, capacity 6808K, committed 7168K, reserved 1056768K
  class space    used 614K, capacity 656K, committed 768K, reserved 1048576K
}
Event: 7.115 GC heap before
{Heap before GC invocations=2 (full 0):
 PSYoungGen      total 18944K, used 18922K [0x00000000eab00000, 0x00000000ed000000, 0x0000000100000000)
  eden space 16384K, 100% used [0x00000000eab00000,0x00000000ebb00000,0x00000000ebb00000)
  from space 2560K, 99% used [0x00000000ebb00000,0x00000000ebd7aa90,0x00000000ebd80000)
  to   space 2560K, 0% used [0x00000000ecd80000,0x00000000ecd80000,0x00000000ed000000)
 ParOldGen       total 44032K, used 1853K [0x00000000c0000000, 0x00000000c2b00000, 0x00000000eab00000)
  object space 44032K, 4% used [0x00000000c0000000,0x00000000c01cf750,0x00000000c2b00000)
 Metaspace       used 6079K, capacity 7000K, committed 7168K, reserved 1056768K
  class space    used 615K, capacity 656K, committed 768K, reserved 1048576K
Event: 7.155 GC heap after
Heap after GC invocations=2 (full 0):
 PSYoungGen      total 35328K, used 2528K [0x00000000eab00000, 0x00000000ed000000, 0x0000000100000000)
  eden space 32768K, 0% used [0x00000000eab00000,0x00000000eab00000,0x00000000ecb00000)
  from space 2560K, 98% used [0x00000000ecd80000,0x00000000ecff8010,0x00000000ed000000)
  to   space 2560K, 0% used [0x00000000ecb00000,0x00000000ecb00000,0x00000000ecd80000)
 ParOldGen       total 44032K, used 4028K [0x00000000c0000000, 0x00000000c2b00000, 0x00000000eab00000)
  object space 44032K, 9% used [0x00000000c0000000,0x00000000c03ef1f0,0x00000000c2b00000)
 Metaspace       used 6079K, capacity 7000K, committed 7168K, reserved 1056768K
  class space    used 615K, capacity 656K, committed 768K, reserved 1048576K
}

Deoptimization events (10 events):
Event: 4.882 Thread 0x00000000565ac800 Uncommon trap: reason=class_check action=maybe_recompile pc=0x0000000002a039e0 method=com.android.dx.ssa.NormalSsaInsn.accept(Lcom/android/dx/ssa/SsaInsn$Visitor;)V @ 9
Event: 4.920 Thread 0x00000000565ac800 Uncommon trap: reason=null_check action=make_not_entrant pc=0x0000000002a34910 method=com.android.dx.rop.type.Type.equals(Ljava/lang/Object;)Z @ 8
Event: 5.584 Thread 0x00000000565ad000 Uncommon trap: reason=class_check action=maybe_recompile pc=0x0000000002a039e0 method=com.android.dx.ssa.NormalSsaInsn.accept(Lcom/android/dx/ssa/SsaInsn$Visitor;)V @ 9
Event: 5.584 Thread 0x00000000565ad000 Uncommon trap: reason=class_check action=maybe_recompile pc=0x0000000002a039e0 method=com.android.dx.ssa.NormalSsaInsn.accept(Lcom/android/dx/ssa/SsaInsn$Visitor;)V @ 9
Event: 10.102 Thread 0x00000000565ad000 Uncommon trap: reason=unstable_if action=reinterpret pc=0x0000000002c9a1d8 method=com.android.dx.cf.code.BaseMachine.getLocalTarget(Z)Lcom/android/dx/rop/code/RegisterSpec; @ 131
Event: 10.104 Thread 0x00000000565ad000 Uncommon trap: reason=null_check action=make_not_entrant pc=0x0000000002b1ab40 method=com.android.dx.ssa.SsaRenamer.getLocalForNewReg(I)Lcom/android/dx/rop/code/LocalItem; @ 19
Event: 11.791 Thread 0x00000000565ab000 Uncommon trap: reason=bimorphic action=maybe_recompile pc=0x0000000002b17408 method=java.util.HashMap.putVal(ILjava/lang/Object;Ljava/lang/Object;ZZ)Ljava/lang/Object; @ 203
Event: 14.532 Thread 0x00000000565ad000 Uncommon trap: reason=null_assert action=make_not_entrant pc=0x0000000002c8e040 method=com.android.dx.cf.code.RopperMachine.run(Lcom/android/dx/cf/code/Frame;II)V @ 1112
Event: 14.550 Thread 0x00000000565ad000 Uncommon trap: reason=unstable_if action=reinterpret pc=0x0000000002c3693c method=com.android.dx.rop.code.RegisterSpec.equals(ILcom/android/dx/rop/type/TypeBearer;Lcom/android/dx/rop/code/LocalItem;)Z @ 42
Event: 14.551 Thread 0x00000000565ad000 Uncommon trap: reason=unstable_if action=reinterpret pc=0x0000000002a56f08 method=com.android.dx.rop.code.RegisterSpec.equals(ILcom/android/dx/rop/type/TypeBearer;Lcom/android/dx/rop/code/LocalItem;)Z @ 42

Internal exceptions (5 events):
Event: 0.628 Thread 0x00000000022de000 Exception <a 'java/lang/NoSuchMethodError': Method sun.misc.Unsafe.defineClass(Ljava/lang/String;[BII)Ljava/lang/Class; name or signature does not match> (0x00000000eab07c78) thrown at [C:\re\workspace\8-2-build-windows-amd64-cygwin\jdk8u111\7883\hotspot\
Event: 0.628 Thread 0x00000000022de000 Exception <a 'java/lang/NoSuchMethodError': Method sun.misc.Unsafe.prefetchRead(Ljava/lang/Object;J)V name or signature does not match> (0x00000000eab07f60) thrown at [C:\re\workspace\8-2-build-windows-amd64-cygwin\jdk8u111\7883\hotspot\src\share\vm\prims
Event: 0.986 Thread 0x00000000022de000 Exception <a 'java/io/FileNotFoundException'> (0x00000000eab5afd0) thrown at [C:\re\workspace\8-2-build-windows-amd64-cygwin\jdk8u111\7883\hotspot\src\share\vm\prims\jni.cpp, line 709]
Event: 4.920 Thread 0x00000000565ac800 Implicit null exception at 0x0000000002a34812 to 0x0000000002a34902
Event: 10.104 Thread 0x00000000565ad000 Implicit null exception at 0x0000000002b19eab to 0x0000000002b1aaf5

Events (10 events):
Event: 14.532 Thread 0x00000000565ad000 DEOPT PACKING pc=0x0000000002c8e040 sp=0x0000000056f5e790
Event: 14.532 Thread 0x00000000565ad000 DEOPT UNPACKING pc=0x000000000274582a sp=0x0000000056f5e768 mode 2
Event: 14.550 Thread 0x00000000565ad000 Uncommon trap: trap_request=0xffffff65 fr.pc=0x0000000002c3693c
Event: 14.550 Thread 0x00000000565ad000 DEOPT PACKING pc=0x0000000002c3693c sp=0x0000000056f5eb90
Event: 14.551 Thread 0x00000000565ad000 DEOPT UNPACKING pc=0x000000000274582a sp=0x0000000056f5ea78 mode 2
Event: 14.551 Thread 0x00000000565ad000 Uncommon trap: trap_request=0xffffff65 fr.pc=0x0000000002a56f08
Event: 14.551 Thread 0x00000000565ad000 DEOPT PACKING pc=0x0000000002a56f08 sp=0x0000000056f5eae0
Event: 14.551 Thread 0x00000000565ad000 DEOPT UNPACKING pc=0x000000000274582a sp=0x0000000056f5ea68 mode 2
Event: 14.589 loading class com/android/dx/rop/code/RegisterSpec$1
Event: 14.589 loading class com/android/dx/rop/code/RegisterSpec$1 done


Dynamic libraries:
0x000000013f920000 - 0x000000013f957000 	C:\Program Files\Java\jdk1.8.0_111\bin\java.exe
0x00000000770e0000 - 0x0000000077289000 	C:\Windows\SYSTEM32\ntdll.dll
0x0000000076fc0000 - 0x00000000770df000 	C:\Windows\system32\kernel32.dll
0x000007fefd0f0000 - 0x000007fefd15c000 	C:\Windows\system32\KERNELBASE.dll
0x000007fefdc10000 - 0x000007fefdceb000 	C:\Windows\system32\ADVAPI32.dll
0x000007fefde80000 - 0x000007fefdf1f000 	C:\Windows\system32\msvcrt.dll
0x000007fefe4d0000 - 0x000007fefe4ef000 	C:\Windows\SYSTEM32\sechost.dll
0x000007fefdd30000 - 0x000007fefde5d000 	C:\Windows\system32\RPCRT4.dll
0x0000000076ec0000 - 0x0000000076fba000 	C:\Windows\system32\USER32.dll
0x000007fefd5a0000 - 0x000007fefd607000 	C:\Windows\system32\GDI32.dll
0x000007fefe4c0000 - 0x000007fefe4ce000 	C:\Windows\system32\LPK.dll
0x000007feff280000 - 0x000007feff349000 	C:\Windows\system32\USP10.dll
0x000007fefb8d0000 - 0x000007fefbac4000 	C:\Windows\WinSxS\amd64_microsoft.windows.common-controls_6595b64144ccf1df_6.0.7601.17514_none_fa396087175ac9ac\COMCTL32.dll
0x000007fefd750000 - 0x000007fefd7c1000 	C:\Windows\system32\SHLWAPI.dll
0x000007fefdd00000 - 0x000007fefdd2e000 	C:\Windows\system32\IMM32.DLL
0x000007fefdf20000 - 0x000007fefe029000 	C:\Windows\system32\MSCTF.dll
0x0000000070dc0000 - 0x0000000070e92000 	C:\Program Files\Java\jdk1.8.0_111\jre\bin\msvcr100.dll
0x000000006fba0000 - 0x000000007043a000 	C:\Program Files\Java\jdk1.8.0_111\jre\bin\server\jvm.dll
0x000007fef7060000 - 0x000007fef7069000 	C:\Windows\system32\WSOCK32.dll
0x000007fefd7d0000 - 0x000007fefd81d000 	C:\Windows\system32\WS2_32.dll
0x000007fefdcf0000 - 0x000007fefdcf8000 	C:\Windows\system32\NSI.dll
0x000007fefad90000 - 0x000007fefadcb000 	C:\Windows\system32\WINMM.dll
0x000007fefc140000 - 0x000007fefc14c000 	C:\Windows\system32\VERSION.dll
0x00000000772b0000 - 0x00000000772b7000 	C:\Windows\system32\PSAPI.DLL
0x00000000730b0000 - 0x00000000730bf000 	C:\Program Files\Java\jdk1.8.0_111\jre\bin\verify.dll
0x0000000072620000 - 0x0000000072649000 	C:\Program Files\Java\jdk1.8.0_111\jre\bin\java.dll
0x00000000725d0000 - 0x00000000725e6000 	C:\Program Files\Java\jdk1.8.0_111\jre\bin\zip.dll
0x000007fefe4f0000 - 0x000007feff279000 	C:\Windows\system32\SHELL32.dll
0x000007fefe2b0000 - 0x000007fefe4b3000 	C:\Windows\system32\ole32.dll
0x000007fefcfe0000 - 0x000007fefcfef000 	C:\Windows\system32\profapi.dll

VM Arguments:
jvm_args: -Xmx1024M -Dfile.encoding=windows-1251 -Duser.country=RU -Duser.language=ru -Duser.variant 
java_command: com.android.dx.command.Main --dex --num-threads=4 --output C:\!DISK\GitHub\Budget\anBudget\android\app\build\intermediates\pre-dexed\debug\library-2.4.0-dea5358a67fb1c41e87f209e984289910a963b98.jar C:\Users\ed\.gradle\caches\modules-2\files-2.1\com.nineoldandroids\library\2.4.0\e9b63380f3a242dbdbf103a2355ad7e43bad17cb\library-2.4.0.jar
java_class_path (initial): C:\Users\ed\AppData\Local\Android\sdk\build-tools\23.0.1\lib\dx.jar
Launcher Type: SUN_STANDARD

Environment Variables:
CLASSPATH=C:\!DISK\GitHub\Budget\anBudget\android\\gradle\wrapper\gradle-wrapper.jar
PATH=C:\ProgramData\Oracle\Java\javapath;C:\Windows\system32;C:\Windows;C:\Windows\System32\Wbem;C:\Windows\System32\WindowsPowerShell\v1.0\;C:\Program Files (x86)\Skype\Phone\;C:\Program Files\Git\cmd;C:\Program Files\nodejs\;C:\Users\ed\AppData\Roaming\npm;C:\Program Files\Heroku\bin;C:\Program Files\Java\jdk1.8.0_111\bin
USERNAME=ed
OS=Windows_NT
PROCESSOR_IDENTIFIER=Intel64 Family 6 Model 55 Stepping 8, GenuineIntel



---------------  S Y S T E M  ---------------

OS: Windows 7 , 64 bit Build 7601 (6.1.7601.18409)

CPU:total 2 (2 cores per cpu, 1 threads per core) family 6 model 55 stepping 8, cmov, cx8, fxsr, mmx, sse, sse2, sse3, ssse3, sse4.1, sse4.2, popcnt, clmul, erms, 3dnowpref, tsc, tscinvbit

Memory: 4k page, physical 4075892k(221852k free), swap 5098036k(5428k free)

vm_info: Java HotSpot(TM) 64-Bit Server VM (25.111-b14) for windows-amd64 JRE (1.8.0_111-b14), built on Sep 22 2016 19:24:05 by "java_re" with MS VC++ 10.0 (VS2010)

time: Sun Feb 19 12:58:13 2017
elapsed time: 15 seconds (0d 0h 0m 15s)

