#
# There is insufficient memory for the Java Runtime Environment to continue.
# Native memory allocation (malloc) failed to allocate 32744 bytes for ChunkPool::allocate
# Possible reasons:
#   The system is out of physical RAM or swap space
#   In 32 bit mode, the process size limit was hit
# Possible solutions:
#   Reduce memory load on the system
#   Increase physical memory or swap space
#   Check if swap backing store is full
#   Use 64 bit Java on a 64 bit OS
#   Decrease Java heap size (-Xmx/-Xms)
#   Decrease number of Java threads
#   Decrease Java thread stack sizes (-Xss)
#   Set larger code cache with -XX:ReservedCodeCacheSize=
# This output file may be truncated or incomplete.
#
#  Out of Memory Error (allocation.cpp:273), pid=4388, tid=0x0000000000000c5c
#
# JRE version: Java(TM) SE Runtime Environment (8.0_111-b14) (build 1.8.0_111-b14)
# Java VM: Java HotSpot(TM) 64-Bit Server VM (25.111-b14 mixed mode windows-amd64 compressed oops)
# Failed to write core dump. Minidumps are not enabled by default on client versions of Windows
#

---------------  T H R E A D  ---------------

Current thread (0x0000000054df3000):  JavaThread "C2 CompilerThread0" daemon [_thread_in_native, id=3164, stack(0x00000000561b0000,0x00000000562b0000)]

Stack: [0x00000000561b0000,0x00000000562b0000]
[error occurred during error reporting (printing stack bounds), id 0xc0000005]

Native frames: (J=compiled Java code, j=interpreted, Vv=VM code, C=native code)


Current CompileTask:
C2:  30534 1948   !   4      
[error occurred during error reporting (printing current compile task), id 0xe0000001]


---------------  P R O C E S S  ---------------

Java Threads: ( => current thread )
  0x0000000054e0a000 JavaThread "Service Thread" daemon [_thread_blocked, id=4708, stack(0x00000000562f0000,0x00000000563f0000)]
  0x0000000054df9000 JavaThread "C1 CompilerThread1" daemon [_thread_blocked, id=2420, stack(0x0000000055960000,0x0000000055a60000)]
=>0x0000000054df3000 JavaThread "C2 CompilerThread0" daemon [_thread_in_native, id=3164, stack(0x00000000561b0000,0x00000000562b0000)]
  0x0000000054df1800 JavaThread "Attach Listener" daemon [_thread_blocked, id=2924, stack(0x0000000055f80000,0x0000000056080000)]
  0x0000000054e01000 JavaThread "Signal Dispatcher" daemon [_thread_blocked, id=4752, stack(0x0000000055dd0000,0x0000000055ed0000)]
  0x0000000054dde800 JavaThread "Finalizer" daemon [_thread_blocked, id=3196, stack(0x0000000055bf0000,0x0000000055cf0000)]
  0x0000000054d95000 JavaThread "Reference Handler" daemon [_thread_blocked, id=4892, stack(0x0000000055a80000,0x0000000055b80000)]
  0x000000000045e000 JavaThread "main" [_thread_blocked, id=4668, stack(0x0000000002490000,0x0000000002590000)]

Other Threads:
  0x0000000054d8d000 VMThread [stack: 0x0000000055800000,0x0000000055900000] [id=4368]
  0x0000000056400800 WatcherThread [stack: 0x0000000056900000,0x0000000056a00000] [id=3064]

VM state:not at safepoint (normal execution)

VM Mutex/Monitor currently owned by a thread: None

Heap:
 PSYoungGen      total 72704K, used 21303K [0x00000000eab00000, 0x00000000efb00000, 0x0000000100000000)
  eden space 64512K, 20% used [0x00000000eab00000,0x00000000eb7d4c78,0x00000000eea00000)
  from space 8192K, 99% used [0x00000000eea00000,0x00000000ef1f9238,0x00000000ef200000)
  to   space 7168K, 0% used [0x00000000ef200000,0x00000000ef200000,0x00000000ef900000)
 ParOldGen       total 44032K, used 23586K [0x00000000c0000000, 0x00000000c2b00000, 0x00000000eab00000)
  object space 44032K, 53% used [0x00000000c0000000,0x00000000c17089e0,0x00000000c2b00000)
 Metaspace       used 6730K, capacity 7352K, committed 7680K, reserved 1056768K
  class space    used 656K, capacity 688K, committed 768K, reserved 1048576K

Card table byte_map: [0x0000000011c20000,0x0000000011e30000] byte_map_base: 0x0000000011620000

Marking Bits: (ParMarkBitMap*) 0x00000000703ba6c0
 Begin Bits: [0x0000000012260000, 0x0000000013260000)
 End Bits:   [0x0000000013260000, 0x0000000014260000)

Polling page: 0x0000000000440000

CodeCache: size=245760Kb used=9527Kb max_used=9527Kb free=236232Kb
 bounds [0x0000000002860000, 0x00000000031c0000, 0x0000000011860000]
 total_blobs=2397 nmethods=2128 adapters=182
 compilation: enabled

Compilation events (10 events):
Event: 30.330 Thread 0x0000000054df9000 2160       1       com.android.dx.dex.code.form.Form11n::codeSize (2 bytes)
Event: 30.330 Thread 0x0000000054df9000 nmethod 2160 0x00000000031b3bd0 code [0x00000000031b3d20, 0x00000000031b3e30]
Event: 30.330 Thread 0x0000000054df9000 2175       1       com.android.dx.dex.code.form.Form22t::codeSize (2 bytes)
Event: 30.330 Thread 0x0000000054df9000 nmethod 2175 0x00000000031b3e90 code [0x00000000031b3fe0, 0x00000000031b40f0]
Event: 30.330 Thread 0x0000000054df9000 2176       1       com.android.dx.dex.code.form.Form12x::codeSize (2 bytes)
Event: 30.330 Thread 0x0000000054df9000 nmethod 2176 0x00000000031b4150 code [0x00000000031b42a0, 0x00000000031b43b0]
Event: 30.330 Thread 0x0000000054df9000 2177       1       com.android.dx.dex.code.form.Form22b::codeSize (2 bytes)
Event: 30.330 Thread 0x0000000054df9000 nmethod 2177 0x00000000031b4410 code [0x00000000031b4560, 0x00000000031b4670]
Event: 30.330 Thread 0x0000000054df9000 2179       1       com.android.dx.dex.code.form.Form23x::codeSize (2 bytes)
Event: 30.330 Thread 0x0000000054df9000 nmethod 2179 0x00000000031b46d0 code [0x00000000031b4820, 0x00000000031b4930]

GC Heap History (10 events):
Event: 11.691 GC heap before
{Heap before GC invocations=3 (full 0):
 PSYoungGen      total 18944K, used 18912K [0x00000000eab00000, 0x00000000ed000000, 0x0000000100000000)
  eden space 16384K, 100% used [0x00000000eab00000,0x00000000ebb00000,0x00000000ebb00000)
  from space 2560K, 98% used [0x00000000ebd80000,0x00000000ebff8010,0x00000000ec000000)
  to   space 2560K, 0% used [0x00000000ebb00000,0x00000000ebb00000,0x00000000ebd80000)
 ParOldGen       total 44032K, used 3738K [0x00000000c0000000, 0x00000000c2b00000, 0x00000000eab00000)
  object space 44032K, 8% used [0x00000000c0000000,0x00000000c03a6a40,0x00000000c2b00000)
 Metaspace       used 6269K, capacity 7000K, committed 7168K, reserved 1056768K
  class space    used 636K, capacity 656K, committed 768K, reserved 1048576K
Event: 11.883 GC heap after
Heap after GC invocations=3 (full 0):
 PSYoungGen      total 18944K, used 2560K [0x00000000eab00000, 0x00000000ed000000, 0x0000000100000000)
  eden space 16384K, 0% used [0x00000000eab00000,0x00000000eab00000,0x00000000ebb00000)
  from space 2560K, 100% used [0x00000000ebb00000,0x00000000ebd80000,0x00000000ebd80000)
  to   space 2560K, 0% used [0x00000000ecd80000,0x00000000ecd80000,0x00000000ed000000)
 ParOldGen       total 44032K, used 6196K [0x00000000c0000000, 0x00000000c2b00000, 0x00000000eab00000)
  object space 44032K, 14% used [0x00000000c0000000,0x00000000c060d1c0,0x00000000c2b00000)
 Metaspace       used 6269K, capacity 7000K, committed 7168K, reserved 1056768K
  class space    used 636K, capacity 656K, committed 768K, reserved 1048576K
}
Event: 15.341 GC heap before
{Heap before GC invocations=4 (full 0):
 PSYoungGen      total 18944K, used 18944K [0x00000000eab00000, 0x00000000ed000000, 0x0000000100000000)
  eden space 16384K, 100% used [0x00000000eab00000,0x00000000ebb00000,0x00000000ebb00000)
  from space 2560K, 100% used [0x00000000ebb00000,0x00000000ebd80000,0x00000000ebd80000)
  to   space 2560K, 0% used [0x00000000ecd80000,0x00000000ecd80000,0x00000000ed000000)
 ParOldGen       total 44032K, used 6196K [0x00000000c0000000, 0x00000000c2b00000, 0x00000000eab00000)
  object space 44032K, 14% used [0x00000000c0000000,0x00000000c060d1c0,0x00000000c2b00000)
 Metaspace       used 6341K, capacity 7064K, committed 7424K, reserved 1056768K
  class space    used 637K, capacity 656K, committed 768K, reserved 1048576K
Event: 15.374 GC heap after
Heap after GC invocations=4 (full 0):
 PSYoungGen      total 35328K, used 2560K [0x00000000eab00000, 0x00000000ed000000, 0x0000000100000000)
  eden space 32768K, 0% used [0x00000000eab00000,0x00000000eab00000,0x00000000ecb00000)
  from space 2560K, 100% used [0x00000000ecd80000,0x00000000ed000000,0x00000000ed000000)
  to   space 2560K, 0% used [0x00000000ecb00000,0x00000000ecb00000,0x00000000ecd80000)
 ParOldGen       total 44032K, used 8606K [0x00000000c0000000, 0x00000000c2b00000, 0x00000000eab00000)
  object space 44032K, 19% used [0x00000000c0000000,0x00000000c0867a80,0x00000000c2b00000)
 Metaspace       used 6341K, capacity 7064K, committed 7424K, reserved 1056768K
  class space    used 637K, capacity 656K, committed 768K, reserved 1048576K
}
Event: 20.363 GC heap before
{Heap before GC invocations=5 (full 0):
 PSYoungGen      total 35328K, used 35328K [0x00000000eab00000, 0x00000000ed000000, 0x0000000100000000)
  eden space 32768K, 100% used [0x00000000eab00000,0x00000000ecb00000,0x00000000ecb00000)
  from space 2560K, 100% used [0x00000000ecd80000,0x00000000ed000000,0x00000000ed000000)
  to   space 2560K, 0% used [0x00000000ecb00000,0x00000000ecb00000,0x00000000ecd80000)
 ParOldGen       total 44032K, used 8606K [0x00000000c0000000, 0x00000000c2b00000, 0x00000000eab00000)
  object space 44032K, 19% used [0x00000000c0000000,0x00000000c0867a80,0x00000000c2b00000)
 Metaspace       used 6377K, capacity 7128K, committed 7424K, reserved 1056768K
  class space    used 637K, capacity 656K, committed 768K, reserved 1048576K
Event: 20.501 GC heap after
Heap after GC invocations=5 (full 0):
 PSYoungGen      total 35328K, used 2560K [0x00000000eab00000, 0x00000000ef900000, 0x0000000100000000)
  eden space 32768K, 0% used [0x00000000eab00000,0x00000000eab00000,0x00000000ecb00000)
  from space 2560K, 100% used [0x00000000ecb00000,0x00000000ecd80000,0x00000000ecd80000)
  to   space 7168K, 0% used [0x00000000ef200000,0x00000000ef200000,0x00000000ef900000)
 ParOldGen       total 44032K, used 13402K [0x00000000c0000000, 0x00000000c2b00000, 0x00000000eab00000)
  object space 44032K, 30% used [0x00000000c0000000,0x00000000c0d16900,0x00000000c2b00000)
 Metaspace       used 6377K, capacity 7128K, committed 7424K, reserved 1056768K
  class space    used 637K, capacity 656K, committed 768K, reserved 1048576K
}
Event: 26.252 GC heap before
{Heap before GC invocations=6 (full 0):
 PSYoungGen      total 35328K, used 35328K [0x00000000eab00000, 0x00000000ef900000, 0x0000000100000000)
  eden space 32768K, 100% used [0x00000000eab00000,0x00000000ecb00000,0x00000000ecb00000)
  from space 2560K, 100% used [0x00000000ecb00000,0x00000000ecd80000,0x00000000ecd80000)
  to   space 7168K, 0% used [0x00000000ef200000,0x00000000ef200000,0x00000000ef900000)
 ParOldGen       total 44032K, used 13402K [0x00000000c0000000, 0x00000000c2b00000, 0x00000000eab00000)
  object space 44032K, 30% used [0x00000000c0000000,0x00000000c0d16900,0x00000000c2b00000)
 Metaspace       used 6411K, capacity 7128K, committed 7424K, reserved 1056768K
  class space    used 637K, capacity 656K, committed 768K, reserved 1048576K
Event: 26.461 GC heap after
Heap after GC invocations=6 (full 0):
 PSYoungGen      total 71680K, used 7152K [0x00000000eab00000, 0x00000000efb00000, 0x0000000100000000)
  eden space 64512K, 0% used [0x00000000eab00000,0x00000000eab00000,0x00000000eea00000)
  from space 7168K, 99% used [0x00000000ef200000,0x00000000ef8fc010,0x00000000ef900000)
  to   space 8192K, 0% used [0x00000000eea00000,0x00000000eea00000,0x00000000ef200000)
 ParOldGen       total 44032K, used 13822K [0x00000000c0000000, 0x00000000c2b00000, 0x00000000eab00000)
  object space 44032K, 31% used [0x00000000c0000000,0x00000000c0d7fa38,0x00000000c2b00000)
 Metaspace       used 6411K, capacity 7128K, committed 7424K, reserved 1056768K
  class space    used 637K, capacity 656K, committed 768K, reserved 1048576K
}
Event: 27.644 GC heap before
{Heap before GC invocations=7 (full 0):
 PSYoungGen      total 71680K, used 71664K [0x00000000eab00000, 0x00000000efb00000, 0x0000000100000000)
  eden space 64512K, 100% used [0x00000000eab00000,0x00000000eea00000,0x00000000eea00000)
  from space 7168K, 99% used [0x00000000ef200000,0x00000000ef8fc010,0x00000000ef900000)
  to   space 8192K, 0% used [0x00000000eea00000,0x00000000eea00000,0x00000000ef200000)
 ParOldGen       total 44032K, used 13822K [0x00000000c0000000, 0x00000000c2b00000, 0x00000000eab00000)
  object space 44032K, 31% used [0x00000000c0000000,0x00000000c0d7fa38,0x00000000c2b00000)
 Metaspace       used 6451K, capacity 7128K, committed 7424K, reserved 1056768K
  class space    used 637K, capacity 656K, committed 768K, reserved 1048576K
Event: 28.234 GC heap after
Heap after GC invocations=7 (full 0):
 PSYoungGen      total 72704K, used 8164K [0x00000000eab00000, 0x00000000efb00000, 0x0000000100000000)
  eden space 64512K, 0% used [0x00000000eab00000,0x00000000eab00000,0x00000000eea00000)
  from space 8192K, 99% used [0x00000000eea00000,0x00000000ef1f9238,0x00000000ef200000)
  to   space 7168K, 0% used [0x00000000ef200000,0x00000000ef200000,0x00000000ef900000)
 ParOldGen       total 44032K, used 23586K [0x00000000c0000000, 0x00000000c2b00000, 0x00000000eab00000)
  object space 44032K, 53% used [0x00000000c0000000,0x00000000c17089e0,0x00000000c2b00000)
 Metaspace       used 6451K, capacity 7128K, committed 7424K, reserved 1056768K
  class space    used 637K, capacity 656K, committed 768K, reserved 1048576K
}

Deoptimization events (10 events):
Event: 29.942 Thread 0x000000000045e000 Uncommon trap: reason=bimorphic action=maybe_recompile pc=0x0000000003042cc8 method=java.util.HashMap.putVal(ILjava/lang/Object;Ljava/lang/Object;ZZ)Ljava/lang/Object; @ 203
Event: 29.943 Thread 0x000000000045e000 Uncommon trap: reason=bimorphic action=maybe_recompile pc=0x0000000003042cc8 method=java.util.HashMap.putVal(ILjava/lang/Object;Ljava/lang/Object;ZZ)Ljava/lang/Object; @ 203
Event: 30.165 Thread 0x000000000045e000 Uncommon trap: reason=speculate_class_check action=maybe_recompile pc=0x0000000002c69234 method=com.android.dx.util.FixedSizeList.equals(Ljava/lang/Object;)Z @ 25
Event: 30.165 Thread 0x000000000045e000 Uncommon trap: reason=class_check action=maybe_recompile pc=0x0000000002c6ea34 method=java.util.Arrays.equals([Ljava/lang/Object;[Ljava/lang/Object;)Z @ 62
Event: 30.165 Thread 0x000000000045e000 Uncommon trap: reason=speculate_class_check action=maybe_recompile pc=0x0000000002c69234 method=com.android.dx.util.FixedSizeList.equals(Ljava/lang/Object;)Z @ 25
Event: 30.165 Thread 0x000000000045e000 Uncommon trap: reason=class_check action=maybe_recompile pc=0x0000000002c6ea34 method=java.util.Arrays.equals([Ljava/lang/Object;[Ljava/lang/Object;)Z @ 62
Event: 30.165 Thread 0x000000000045e000 Uncommon trap: reason=speculate_class_check action=maybe_recompile pc=0x0000000002c69234 method=com.android.dx.util.FixedSizeList.equals(Ljava/lang/Object;)Z @ 25
Event: 30.165 Thread 0x000000000045e000 Uncommon trap: reason=class_check action=maybe_recompile pc=0x0000000002c6ea34 method=java.util.Arrays.equals([Ljava/lang/Object;[Ljava/lang/Object;)Z @ 62
Event: 30.165 Thread 0x000000000045e000 Uncommon trap: reason=speculate_class_check action=maybe_recompile pc=0x0000000002c69234 method=com.android.dx.util.FixedSizeList.equals(Ljava/lang/Object;)Z @ 25
Event: 30.165 Thread 0x000000000045e000 Uncommon trap: reason=unstable_if action=reinterpret pc=0x0000000002c6ea0c method=java.util.Arrays.equals([Ljava/lang/Object;[Ljava/lang/Object;)Z @ 23

Internal exceptions (6 events):
Event: 0.365 Thread 0x000000000045e000 Exception <a 'java/lang/NoSuchMethodError': Method sun.misc.Unsafe.defineClass(Ljava/lang/String;[BII)Ljava/lang/Class; name or signature does not match> (0x00000000eab07c78) thrown at [C:\re\workspace\8-2-build-windows-amd64-cygwin\jdk8u111\7883\hotspot\
Event: 0.365 Thread 0x000000000045e000 Exception <a 'java/lang/NoSuchMethodError': Method sun.misc.Unsafe.prefetchRead(Ljava/lang/Object;J)V name or signature does not match> (0x00000000eab07f60) thrown at [C:\re\workspace\8-2-build-windows-amd64-cygwin\jdk8u111\7883\hotspot\src\share\vm\prims
Event: 0.595 Thread 0x000000000045e000 Exception <a 'java/io/FileNotFoundException'> (0x00000000eab5afc0) thrown at [C:\re\workspace\8-2-build-windows-amd64-cygwin\jdk8u111\7883\hotspot\src\share\vm\prims\jni.cpp, line 709]
Event: 11.674 Thread 0x0000000056657000 Exception <a 'java/lang/ArrayIndexOutOfBoundsException': 18> (0x00000000ebabbd28) thrown at [C:\re\workspace\8-2-build-windows-amd64-cygwin\jdk8u111\7883\hotspot\src\share\vm\interpreter\interpreterRuntime.cpp, line 366]
Event: 11.675 Thread 0x0000000056657000 Exception <a 'java/lang/ArrayIndexOutOfBoundsException': 145> (0x00000000ebabd8a8) thrown at [C:\re\workspace\8-2-build-windows-amd64-cygwin\jdk8u111\7883\hotspot\src\share\vm\interpreter\interpreterRuntime.cpp, line 366]
Event: 11.678 Thread 0x0000000056657000 Exception <a 'java/lang/ArrayIndexOutOfBoundsException'> (0x00000000ebabeb90) thrown at [C:\re\workspace\8-2-build-windows-amd64-cygwin\jdk8u111\7883\hotspot\src\share\vm\runtime\sharedRuntime.cpp, line 605]

Events (10 events):
Event: 30.281 Thread 0x000000000045e000 DEOPT PACKING pc=0x0000000003178926 sp=0x000000000258f010
Event: 30.281 Thread 0x000000000045e000 DEOPT UNPACKING pc=0x00000000028a747f sp=0x000000000258edc0 mode 0
Event: 30.285 Thread 0x000000000045e000 DEOPT PACKING pc=0x000000000318cdbc sp=0x000000000258efc0
Event: 30.285 Thread 0x000000000045e000 DEOPT UNPACKING pc=0x00000000028a747f sp=0x000000000258ed28 mode 0
Event: 30.293 Thread 0x000000000045e000 DEOPT PACKING pc=0x000000000318e72d sp=0x000000000258ef10
Event: 30.293 Thread 0x000000000045e000 DEOPT UNPACKING pc=0x00000000028a747f sp=0x000000000258ec90 mode 0
Event: 30.297 Thread 0x000000000045e000 DEOPT PACKING pc=0x0000000003189b72 sp=0x000000000258f050
Event: 30.297 Thread 0x000000000045e000 DEOPT UNPACKING pc=0x00000000028a747f sp=0x000000000258ee28 mode 0
Event: 30.313 Thread 0x000000000045e000 DEOPT PACKING pc=0x00000000031887b1 sp=0x000000000258f060
Event: 30.313 Thread 0x000000000045e000 DEOPT UNPACKING pc=0x00000000028a747f sp=0x000000000258ede8 mode 0


Dynamic libraries:
0x000000013f6c0000 - 0x000000013f6f7000 	C:\Program Files\Java\jdk1.8.0_111\bin\java.exe
0x00000000770e0000 - 0x0000000077289000 	C:\Windows\SYSTEM32\ntdll.dll
0x0000000076fc0000 - 0x00000000770df000 	C:\Windows\system32\kernel32.dll
0x000007fefd0f0000 - 0x000007fefd15c000 	C:\Windows\system32\KERNELBASE.dll
0x000007fefdc10000 - 0x000007fefdceb000 	C:\Windows\system32\ADVAPI32.dll
0x000007fefde80000 - 0x000007fefdf1f000 	C:\Windows\system32\msvcrt.dll
0x000007fefe4d0000 - 0x000007fefe4ef000 	C:\Windows\SYSTEM32\sechost.dll
0x000007fefdd30000 - 0x000007fefde5d000 	C:\Windows\system32\RPCRT4.dll
0x0000000076ec0000 - 0x0000000076fba000 	C:\Windows\system32\USER32.dll
0x000007fefd5a0000 - 0x000007fefd607000 	C:\Windows\system32\GDI32.dll
0x000007fefe4c0000 - 0x000007fefe4ce000 	C:\Windows\system32\LPK.dll
0x000007feff280000 - 0x000007feff349000 	C:\Windows\system32\USP10.dll
0x000007fefb8d0000 - 0x000007fefbac4000 	C:\Windows\WinSxS\amd64_microsoft.windows.common-controls_6595b64144ccf1df_6.0.7601.17514_none_fa396087175ac9ac\COMCTL32.dll
0x000007fefd750000 - 0x000007fefd7c1000 	C:\Windows\system32\SHLWAPI.dll
0x000007fefdd00000 - 0x000007fefdd2e000 	C:\Windows\system32\IMM32.DLL
0x000007fefdf20000 - 0x000007fefe029000 	C:\Windows\system32\MSCTF.dll
0x0000000070dc0000 - 0x0000000070e92000 	C:\Program Files\Java\jdk1.8.0_111\jre\bin\msvcr100.dll
0x000000006fba0000 - 0x000000007043a000 	C:\Program Files\Java\jdk1.8.0_111\jre\bin\server\jvm.dll
0x000007fef78c0000 - 0x000007fef78c9000 	C:\Windows\system32\WSOCK32.dll
0x000007fefd7d0000 - 0x000007fefd81d000 	C:\Windows\system32\WS2_32.dll
0x000007fefdcf0000 - 0x000007fefdcf8000 	C:\Windows\system32\NSI.dll
0x000007fefad90000 - 0x000007fefadcb000 	C:\Windows\system32\WINMM.dll
0x000007fefc140000 - 0x000007fefc14c000 	C:\Windows\system32\VERSION.dll
0x00000000772b0000 - 0x00000000772b7000 	C:\Windows\system32\PSAPI.DLL
0x0000000073640000 - 0x000000007364f000 	C:\Program Files\Java\jdk1.8.0_111\jre\bin\verify.dll
0x0000000073590000 - 0x00000000735b9000 	C:\Program Files\Java\jdk1.8.0_111\jre\bin\java.dll
0x00000000730a0000 - 0x00000000730b6000 	C:\Program Files\Java\jdk1.8.0_111\jre\bin\zip.dll
0x000007fefe4f0000 - 0x000007feff279000 	C:\Windows\system32\SHELL32.dll
0x000007fefe2b0000 - 0x000007fefe4b3000 	C:\Windows\system32\ole32.dll
0x000007fefcfe0000 - 0x000007fefcfef000 	C:\Windows\system32\profapi.dll

VM Arguments:
jvm_args: -Xmx1024M -Dfile.encoding=windows-1251 -Duser.country=RU -Duser.language=ru -Duser.variant 
java_command: com.android.dx.command.Main --dex --num-threads=4 --output C:\!DISK\GitHub\Budget\anBudget\android\app\build\intermediates\pre-dexed\debug\okhttp-3.4.1-1aaebd6f5ed1050f4ffc82569e3120e9f08c1b0d.jar C:\Users\ed\.gradle\caches\modules-2\files-2.1\com.squareup.okhttp3\okhttp\3.4.1\c7c4f9e35c2fd5900da24f9872e3971801f08ce0\okhttp-3.4.1.jar
java_class_path (initial): C:\Users\ed\AppData\Local\Android\sdk\build-tools\23.0.1\lib\dx.jar
Launcher Type: SUN_STANDARD

Environment Variables:
CLASSPATH=C:\!DISK\GitHub\Budget\anBudget\android\\gradle\wrapper\gradle-wrapper.jar
PATH=C:\ProgramData\Oracle\Java\javapath;C:\Windows\system32;C:\Windows;C:\Windows\System32\Wbem;C:\Windows\System32\WindowsPowerShell\v1.0\;C:\Program Files (x86)\Skype\Phone\;C:\Program Files\Git\cmd;C:\Program Files\nodejs\;C:\Users\ed\AppData\Roaming\npm;C:\Program Files\Heroku\bin;C:\Program Files\Java\jdk1.8.0_111\bin
USERNAME=ed
OS=Windows_NT
PROCESSOR_IDENTIFIER=Intel64 Family 6 Model 55 Stepping 8, GenuineIntel



---------------  S Y S T E M  ---------------

OS: Windows 7 , 64 bit Build 7601 (6.1.7601.18409)

CPU:total 2 (2 cores per cpu, 1 threads per core) family 6 model 55 stepping 8, cmov, cx8, fxsr, mmx, sse, sse2, sse3, ssse3, sse4.1, sse4.2, popcnt, clmul, erms, 3dnowpref, tsc, tscinvbit

Memory: 4k page, physical 4075892k(335192k free), swap 5098036k(5220k free)

vm_info: Java HotSpot(TM) 64-Bit Server VM (25.111-b14) for windows-amd64 JRE (1.8.0_111-b14), built on Sep 22 2016 19:24:05 by "java_re" with MS VC++ 10.0 (VS2010)

time: Sun Feb 19 13:10:35 2017
elapsed time: 30 seconds (0d 0h 0m 30s)

