#
# There is insufficient memory for the Java Runtime Environment to continue.
# Native memory allocation (malloc) failed to allocate 754896 bytes for Chunk::new
# Possible reasons:
#   The system is out of physical RAM or swap space
#   In 32 bit mode, the process size limit was hit
# Possible solutions:
#   Reduce memory load on the system
#   Increase physical memory or swap space
#   Check if swap backing store is full
#   Use 64 bit Java on a 64 bit OS
#   Decrease Java heap size (-Xmx/-Xms)
#   Decrease number of Java threads
#   Decrease Java thread stack sizes (-Xss)
#   Set larger code cache with -XX:ReservedCodeCacheSize=
# This output file may be truncated or incomplete.
#
#  Out of Memory Error (allocation.cpp:390), pid=980, tid=0x000000000000062c
#
# JRE version: Java(TM) SE Runtime Environment (8.0_111-b14) (build 1.8.0_111-b14)
# Java VM: Java HotSpot(TM) 64-Bit Server VM (25.111-b14 mixed mode windows-amd64 compressed oops)
# Failed to write core dump. Minidumps are not enabled by default on client versions of Windows
#

---------------  T H R E A D  ---------------

Current thread (0x0000000054e6c000):  JavaThread "C2 CompilerThread0" daemon [_thread_in_native, id=1580, stack(0x00000000559f0000,0x0000000055af0000)]

Stack: [0x00000000559f0000,0x0000000055af0000]
[error occurred during error reporting (printing stack bounds), id 0xc0000005]

Native frames: (J=compiled Java code, j=interpreted, Vv=VM code, C=native code)


Current CompileTask:
C2:  15114 1490   !   4       com.android.dx.cf.code.BytecodeArray::parseInstruction (2764 bytes)


---------------  P R O C E S S  ---------------

Java Threads: ( => current thread )
  0x00000000565c2800 JavaThread "pool-1-thread-4" [_thread_blocked, id=2348, stack(0x0000000057210000,0x0000000057310000)]
  0x0000000056599000 JavaThread "pool-1-thread-3" [_thread_blocked, id=4144, stack(0x0000000056fd0000,0x00000000570d0000)]
  0x0000000056594000 JavaThread "pool-1-thread-2" [_thread_in_Java, id=3188, stack(0x0000000056e20000,0x0000000056f20000)]
  0x000000005658e800 JavaThread "pool-2-thread-1" [_thread_blocked, id=4088, stack(0x0000000056c20000,0x0000000056d20000)]
  0x0000000056589800 JavaThread "pool-1-thread-1" [_thread_in_vm, id=2232, stack(0x0000000056990000,0x0000000056a90000)]
  0x0000000054ea9000 JavaThread "Service Thread" daemon [_thread_blocked, id=3008, stack(0x0000000056230000,0x0000000056330000)]
  0x0000000054e83800 JavaThread "C1 CompilerThread1" daemon [_thread_blocked, id=3912, stack(0x0000000056080000,0x0000000056180000)]
=>0x0000000054e6c000 JavaThread "C2 CompilerThread0" daemon [_thread_in_native, id=1580, stack(0x00000000559f0000,0x0000000055af0000)]
  0x0000000054e67000 JavaThread "Attach Listener" daemon [_thread_blocked, id=4544, stack(0x0000000055f60000,0x0000000056060000)]
  0x0000000054e65000 JavaThread "Signal Dispatcher" daemon [_thread_blocked, id=3472, stack(0x0000000055d80000,0x0000000055e80000)]
  0x0000000054e4e800 JavaThread "Finalizer" daemon [_thread_blocked, id=108, stack(0x0000000055b90000,0x0000000055c90000)]
  0x0000000054e05000 JavaThread "Reference Handler" daemon [_thread_blocked, id=4972, stack(0x0000000055760000,0x0000000055860000)]
  0x00000000021be000 JavaThread "main" [_thread_blocked, id=200, stack(0x00000000024e0000,0x00000000025e0000)]

Other Threads:
  0x0000000054dfd000 VMThread [stack: 0x00000000558e0000,0x00000000559e0000] [id=4312]
  0x0000000056360800 WatcherThread [stack: 0x00000000567b0000,0x00000000568b0000] [id=2788]

VM state:synchronizing (normal execution)

VM Mutex/Monitor currently owned by a thread:  ([mutex/lock_event])
[0x00000000021bc140] Safepoint_lock - owner thread: 0x0000000054dfd000
[0x00000000021bc1c0] Threads_lock - owner thread: 0x0000000054dfd000

Heap:
 PSYoungGen      total 18944K, used 18202K [0x00000000eab00000, 0x00000000ed000000, 0x0000000100000000)
  eden space 16384K, 95% used [0x00000000eab00000,0x00000000eba469c8,0x00000000ebb00000)
  from space 2560K, 99% used [0x00000000ebd80000,0x00000000ebfffe78,0x00000000ec000000)
  to   space 2560K, 0% used [0x00000000ebb00000,0x00000000ebb00000,0x00000000ebd80000)
 ParOldGen       total 44032K, used 3934K [0x00000000c0000000, 0x00000000c2b00000, 0x00000000eab00000)
  object space 44032K, 8% used [0x00000000c0000000,0x00000000c03d7aa8,0x00000000c2b00000)
 Metaspace       used 6355K, capacity 7128K, committed 7424K, reserved 1056768K
  class space    used 642K, capacity 656K, committed 768K, reserved 1048576K

Card table byte_map: [0x0000000011c70000,0x0000000011e80000] byte_map_base: 0x0000000011670000

Marking Bits: (ParMarkBitMap*) 0x00000000703ba6c0
 Begin Bits: [0x00000000122d0000, 0x00000000132d0000)
 End Bits:   [0x00000000132d0000, 0x00000000142d0000)

Polling page: 0x0000000000340000

CodeCache: size=245760Kb used=6529Kb max_used=6541Kb free=239230Kb
 bounds [0x00000000028b0000, 0x0000000002f20000, 0x00000000118b0000]
 total_blobs=1754 nmethods=1486 adapters=182
 compilation: enabled

Compilation events (10 events):
Event: 14.388 Thread 0x0000000054e6c000 nmethod 1485 0x0000000002f068d0 code [0x0000000002f06a20, 0x0000000002f06b98]
Event: 14.389 Thread 0x0000000054e6c000 1486       4       com.android.dx.dex.code.RopTranslator$TranslationVisitor::visitPlainInsn (161 bytes)
Event: 14.472 Thread 0x0000000054e6c000 nmethod 1486 0x0000000002f16dd0 code [0x0000000002f17000, 0x0000000002f18448]
Event: 14.472 Thread 0x0000000054e6c000 1487       4       com.android.dx.dex.code.RopTranslator$LocalVariableAwareTranslationVisitor::visitPlainInsn (11 bytes)
Event: 14.501 Thread 0x0000000054e6c000 nmethod 1487 0x0000000002f0ae50 code [0x0000000002f0b020, 0x0000000002f0b7c0]
Event: 14.506 Thread 0x0000000054e6c000 1488       4       com.android.dx.rop.code.PlainCstInsn::accept (8 bytes)
Event: 14.507 Thread 0x0000000054e6c000 nmethod 1488 0x0000000002f0c910 code [0x0000000002f0ca40, 0x0000000002f0cab8]
Event: 14.507 Thread 0x0000000054e6c000 1489 %     4       com.android.dx.rop.code.InsnList::forEach @ 7 (28 bytes)
Event: 14.512 Thread 0x0000000054e6c000 nmethod 1489% 0x0000000002f0a8d0 code [0x0000000002f0aa20, 0x0000000002f0ac38]
Event: 14.514 Thread 0x0000000054e6c000 1490   !   4       com.android.dx.cf.code.BytecodeArray::parseInstruction (2764 bytes)

GC Heap History (4 events):
Event: 4.607 GC heap before
{Heap before GC invocations=1 (full 0):
 PSYoungGen      total 18944K, used 16384K [0x00000000eab00000, 0x00000000ec000000, 0x0000000100000000)
  eden space 16384K, 100% used [0x00000000eab00000,0x00000000ebb00000,0x00000000ebb00000)
  from space 2560K, 0% used [0x00000000ebd80000,0x00000000ebd80000,0x00000000ec000000)
  to   space 2560K, 0% used [0x00000000ebb00000,0x00000000ebb00000,0x00000000ebd80000)
 ParOldGen       total 44032K, used 0K [0x00000000c0000000, 0x00000000c2b00000, 0x00000000eab00000)
  object space 44032K, 0% used [0x00000000c0000000,0x00000000c0000000,0x00000000c2b00000)
 Metaspace       used 5948K, capacity 6808K, committed 7168K, reserved 1056768K
  class space    used 616K, capacity 656K, committed 768K, reserved 1048576K
Event: 4.621 GC heap after
Heap after GC invocations=1 (full 0):
 PSYoungGen      total 18944K, used 2535K [0x00000000eab00000, 0x00000000ec000000, 0x0000000100000000)
  eden space 16384K, 0% used [0x00000000eab00000,0x00000000eab00000,0x00000000ebb00000)
  from space 2560K, 99% used [0x00000000ebb00000,0x00000000ebd79c70,0x00000000ebd80000)
  to   space 2560K, 0% used [0x00000000ebd80000,0x00000000ebd80000,0x00000000ec000000)
 ParOldGen       total 44032K, used 1706K [0x00000000c0000000, 0x00000000c2b00000, 0x00000000eab00000)
  object space 44032K, 3% used [0x00000000c0000000,0x00000000c01aab78,0x00000000c2b00000)
 Metaspace       used 5948K, capacity 6808K, committed 7168K, reserved 1056768K
  class space    used 616K, capacity 656K, committed 768K, reserved 1048576K
}
Event: 8.803 GC heap before
{Heap before GC invocations=2 (full 0):
 PSYoungGen      total 18944K, used 18919K [0x00000000eab00000, 0x00000000ec000000, 0x0000000100000000)
  eden space 16384K, 100% used [0x00000000eab00000,0x00000000ebb00000,0x00000000ebb00000)
  from space 2560K, 99% used [0x00000000ebb00000,0x00000000ebd79c70,0x00000000ebd80000)
  to   space 2560K, 0% used [0x00000000ebd80000,0x00000000ebd80000,0x00000000ec000000)
 ParOldGen       total 44032K, used 1706K [0x00000000c0000000, 0x00000000c2b00000, 0x00000000eab00000)
  object space 44032K, 3% used [0x00000000c0000000,0x00000000c01aab78,0x00000000c2b00000)
 Metaspace       used 6243K, capacity 7064K, committed 7424K, reserved 1056768K
  class space    used 623K, capacity 656K, committed 768K, reserved 1048576K
Event: 8.954 GC heap after
Heap after GC invocations=2 (full 0):
 PSYoungGen      total 18944K, used 2559K [0x00000000eab00000, 0x00000000ed000000, 0x0000000100000000)
  eden space 16384K, 0% used [0x00000000eab00000,0x00000000eab00000,0x00000000ebb00000)
  from space 2560K, 99% used [0x00000000ebd80000,0x00000000ebfffe78,0x00000000ec000000)
  to   space 2560K, 0% used [0x00000000ebb00000,0x00000000ebb00000,0x00000000ebd80000)
 ParOldGen       total 44032K, used 3934K [0x00000000c0000000, 0x00000000c2b00000, 0x00000000eab00000)
  object space 44032K, 8% used [0x00000000c0000000,0x00000000c03d7aa8,0x00000000c2b00000)
 Metaspace       used 6243K, capacity 7064K, committed 7424K, reserved 1056768K
  class space    used 623K, capacity 656K, committed 768K, reserved 1048576K
}

Deoptimization events (10 events):
Event: 6.610 Thread 0x0000000056599000 Uncommon trap: reason=unstable_if action=reinterpret pc=0x0000000002c88cc4 method=com.android.dx.rop.cst.Constant.compareTo(Lcom/android/dx/rop/cst/Constant;)I @ 12
Event: 6.703 Thread 0x00000000565c2800 Uncommon trap: reason=uninitialized action=reinterpret pc=0x0000000002dbab4c method=com.android.dx.cf.code.BytecodeArray.parseInstruction(ILcom/android/dx/cf/code/BytecodeArray$Visitor;)I @ 1047
Event: 9.193 Thread 0x0000000056594000 Uncommon trap: reason=unstable_if action=reinterpret pc=0x0000000002c703d8 method=com.android.dx.rop.code.RegisterSpecSet.put(Lcom/android/dx/rop/code/RegisterSpec;)V @ 77
Event: 9.193 Thread 0x0000000056594000 Uncommon trap: reason=unstable_if action=reinterpret pc=0x0000000002cc4c44 method=com.android.dx.rop.code.RegisterSpecSet.put(Lcom/android/dx/rop/code/RegisterSpec;)V @ 77
Event: 9.208 Thread 0x0000000056594000 Uncommon trap: reason=unstable_if action=reinterpret pc=0x0000000002c75f2c method=java.util.HashMap.putVal(ILjava/lang/Object;Ljava/lang/Object;ZZ)Ljava/lang/Object; @ 162
Event: 9.315 Thread 0x0000000056594000 Uncommon trap: reason=unstable_if action=reinterpret pc=0x0000000002abb9fc method=java.util.HashMap.getNode(ILjava/lang/Object;)Ljava/util/HashMap$Node; @ 84
Event: 9.315 Thread 0x0000000056594000 Uncommon trap: reason=unstable_if action=reinterpret pc=0x0000000002c5bcbc method=java.util.HashMap.getNode(ILjava/lang/Object;)Ljava/util/HashMap$Node; @ 84
Event: 10.935 Thread 0x0000000056594000 Uncommon trap: reason=class_check action=maybe_recompile pc=0x0000000002ce08f8 method=java.util.HashMap.putVal(ILjava/lang/Object;Ljava/lang/Object;ZZ)Ljava/lang/Object; @ 203
Event: 11.208 Thread 0x0000000056594000 Uncommon trap: reason=unstable_if action=reinterpret pc=0x0000000002e8673c method=com.android.dx.cf.code.RopperMachine.jopToRopOpcode(ILcom/android/dx/rop/cst/Constant;)I @ 1044
Event: 13.974 Thread 0x0000000056594000 Uncommon trap: reason=unstable_if action=reinterpret pc=0x0000000002cd41ac method=com.android.dx.util.IntList.binarysearch(I)I @ 105

Internal exceptions (6 events):
Event: 0.628 Thread 0x00000000021be000 Exception <a 'java/lang/NoSuchMethodError': Method sun.misc.Unsafe.defineClass(Ljava/lang/String;[BII)Ljava/lang/Class; name or signature does not match> (0x00000000eab07c78) thrown at [C:\re\workspace\8-2-build-windows-amd64-cygwin\jdk8u111\7883\hotspot\
Event: 0.628 Thread 0x00000000021be000 Exception <a 'java/lang/NoSuchMethodError': Method sun.misc.Unsafe.prefetchRead(Ljava/lang/Object;J)V name or signature does not match> (0x00000000eab07f60) thrown at [C:\re\workspace\8-2-build-windows-amd64-cygwin\jdk8u111\7883\hotspot\src\share\vm\prims
Event: 0.987 Thread 0x00000000021be000 Exception <a 'java/io/FileNotFoundException'> (0x00000000eab5afb0) thrown at [C:\re\workspace\8-2-build-windows-amd64-cygwin\jdk8u111\7883\hotspot\src\share\vm\prims\jni.cpp, line 709]
Event: 9.289 Thread 0x0000000056594000 Exception <a 'java/lang/ArrayIndexOutOfBoundsException': 18> (0x00000000eb185dc0) thrown at [C:\re\workspace\8-2-build-windows-amd64-cygwin\jdk8u111\7883\hotspot\src\share\vm\interpreter\interpreterRuntime.cpp, line 366]
Event: 9.291 Thread 0x0000000056594000 Exception <a 'java/lang/ArrayIndexOutOfBoundsException': 145> (0x00000000eb187940) thrown at [C:\re\workspace\8-2-build-windows-amd64-cygwin\jdk8u111\7883\hotspot\src\share\vm\interpreter\interpreterRuntime.cpp, line 366]
Event: 9.311 Thread 0x0000000056594000 Exception <a 'java/lang/ArrayIndexOutOfBoundsException'> (0x00000000eb188c28) thrown at [C:\re\workspace\8-2-build-windows-amd64-cygwin\jdk8u111\7883\hotspot\src\share\vm\runtime\sharedRuntime.cpp, line 605]

Events (10 events):
Event: 9.315 Thread 0x0000000056594000 DEOPT UNPACKING pc=0x00000000028f582a sp=0x0000000056f1ea10 mode 2
Event: 10.935 Thread 0x0000000056594000 Uncommon trap: trap_request=0xffffffde fr.pc=0x0000000002ce08f8
Event: 10.935 Thread 0x0000000056594000 DEOPT PACKING pc=0x0000000002ce08f8 sp=0x0000000056f1eaa0
Event: 10.935 Thread 0x0000000056594000 DEOPT UNPACKING pc=0x00000000028f582a sp=0x0000000056f1ea28 mode 2
Event: 11.208 Thread 0x0000000056594000 Uncommon trap: trap_request=0xffffff65 fr.pc=0x0000000002e8673c
Event: 11.208 Thread 0x0000000056594000 DEOPT PACKING pc=0x0000000002e8673c sp=0x0000000056f1e150
Event: 11.208 Thread 0x0000000056594000 DEOPT UNPACKING pc=0x00000000028f582a sp=0x0000000056f1e0d8 mode 2
Event: 13.974 Thread 0x0000000056594000 Uncommon trap: trap_request=0xffffff65 fr.pc=0x0000000002cd41ac
Event: 13.974 Thread 0x0000000056594000 DEOPT PACKING pc=0x0000000002cd41ac sp=0x0000000056f1eb10
Event: 13.974 Thread 0x0000000056594000 DEOPT UNPACKING pc=0x00000000028f582a sp=0x0000000056f1ea88 mode 2


Dynamic libraries:
0x000000013f920000 - 0x000000013f957000 	C:\Program Files\Java\jdk1.8.0_111\bin\java.exe
0x00000000770e0000 - 0x0000000077289000 	C:\Windows\SYSTEM32\ntdll.dll
0x0000000076fc0000 - 0x00000000770df000 	C:\Windows\system32\kernel32.dll
0x000007fefd0f0000 - 0x000007fefd15c000 	C:\Windows\system32\KERNELBASE.dll
0x000007fefdc10000 - 0x000007fefdceb000 	C:\Windows\system32\ADVAPI32.dll
0x000007fefde80000 - 0x000007fefdf1f000 	C:\Windows\system32\msvcrt.dll
0x000007fefe4d0000 - 0x000007fefe4ef000 	C:\Windows\SYSTEM32\sechost.dll
0x000007fefdd30000 - 0x000007fefde5d000 	C:\Windows\system32\RPCRT4.dll
0x0000000076ec0000 - 0x0000000076fba000 	C:\Windows\system32\USER32.dll
0x000007fefd5a0000 - 0x000007fefd607000 	C:\Windows\system32\GDI32.dll
0x000007fefe4c0000 - 0x000007fefe4ce000 	C:\Windows\system32\LPK.dll
0x000007feff280000 - 0x000007feff349000 	C:\Windows\system32\USP10.dll
0x000007fefb8d0000 - 0x000007fefbac4000 	C:\Windows\WinSxS\amd64_microsoft.windows.common-controls_6595b64144ccf1df_6.0.7601.17514_none_fa396087175ac9ac\COMCTL32.dll
0x000007fefd750000 - 0x000007fefd7c1000 	C:\Windows\system32\SHLWAPI.dll
0x000007fefdd00000 - 0x000007fefdd2e000 	C:\Windows\system32\IMM32.DLL
0x000007fefdf20000 - 0x000007fefe029000 	C:\Windows\system32\MSCTF.dll
0x0000000070dc0000 - 0x0000000070e92000 	C:\Program Files\Java\jdk1.8.0_111\jre\bin\msvcr100.dll
0x000000006fba0000 - 0x000000007043a000 	C:\Program Files\Java\jdk1.8.0_111\jre\bin\server\jvm.dll
0x000007fef7060000 - 0x000007fef7069000 	C:\Windows\system32\WSOCK32.dll
0x000007fefd7d0000 - 0x000007fefd81d000 	C:\Windows\system32\WS2_32.dll
0x000007fefdcf0000 - 0x000007fefdcf8000 	C:\Windows\system32\NSI.dll
0x000007fefad90000 - 0x000007fefadcb000 	C:\Windows\system32\WINMM.dll
0x000007fefc140000 - 0x000007fefc14c000 	C:\Windows\system32\VERSION.dll
0x00000000772b0000 - 0x00000000772b7000 	C:\Windows\system32\PSAPI.DLL
0x00000000730b0000 - 0x00000000730bf000 	C:\Program Files\Java\jdk1.8.0_111\jre\bin\verify.dll
0x0000000072620000 - 0x0000000072649000 	C:\Program Files\Java\jdk1.8.0_111\jre\bin\java.dll
0x00000000725d0000 - 0x00000000725e6000 	C:\Program Files\Java\jdk1.8.0_111\jre\bin\zip.dll
0x000007fefe4f0000 - 0x000007feff279000 	C:\Windows\system32\SHELL32.dll
0x000007fefe2b0000 - 0x000007fefe4b3000 	C:\Windows\system32\ole32.dll
0x000007fefcfe0000 - 0x000007fefcfef000 	C:\Windows\system32\profapi.dll

VM Arguments:
jvm_args: -Xmx1024M -Dfile.encoding=windows-1251 -Duser.country=RU -Duser.language=ru -Duser.variant 
java_command: com.android.dx.command.Main --dex --num-threads=4 --output C:\!DISK\GitHub\Budget\anBudget\android\app\build\intermediates\pre-dexed\debug\classes-206c20bf193f370ce6f0d8b655b1b47bd9bea4c6.jar C:\!DISK\GitHub\Budget\anBudget\android\app\build\intermediates\exploded-aar\com.android.support\recyclerview-v7\23.4.0\jars\classes.jar
java_class_path (initial): C:\Users\ed\AppData\Local\Android\sdk\build-tools\23.0.1\lib\dx.jar
Launcher Type: SUN_STANDARD

Environment Variables:
CLASSPATH=C:\!DISK\GitHub\Budget\anBudget\android\\gradle\wrapper\gradle-wrapper.jar
PATH=C:\ProgramData\Oracle\Java\javapath;C:\Windows\system32;C:\Windows;C:\Windows\System32\Wbem;C:\Windows\System32\WindowsPowerShell\v1.0\;C:\Program Files (x86)\Skype\Phone\;C:\Program Files\Git\cmd;C:\Program Files\nodejs\;C:\Users\ed\AppData\Roaming\npm;C:\Program Files\Heroku\bin;C:\Program Files\Java\jdk1.8.0_111\bin
USERNAME=ed
OS=Windows_NT
PROCESSOR_IDENTIFIER=Intel64 Family 6 Model 55 Stepping 8, GenuineIntel



---------------  S Y S T E M  ---------------

OS: Windows 7 , 64 bit Build 7601 (6.1.7601.18409)

CPU:total 2 (2 cores per cpu, 1 threads per core) family 6 model 55 stepping 8, cmov, cx8, fxsr, mmx, sse, sse2, sse3, ssse3, sse4.1, sse4.2, popcnt, clmul, erms, 3dnowpref, tsc, tscinvbit

Memory: 4k page, physical 4075892k(221768k free), swap 5098036k(5424k free)

vm_info: Java HotSpot(TM) 64-Bit Server VM (25.111-b14) for windows-amd64 JRE (1.8.0_111-b14), built on Sep 22 2016 19:24:05 by "java_re" with MS VC++ 10.0 (VS2010)

time: Sun Feb 19 12:58:13 2017
elapsed time: 15 seconds (0d 0h 0m 15s)

