#
# There is insufficient memory for the Java Runtime Environment to continue.
# Native memory allocation (malloc) failed to allocate 32744 bytes for ChunkPool::allocate
# Possible reasons:
#   The system is out of physical RAM or swap space
#   In 32 bit mode, the process size limit was hit
# Possible solutions:
#   Reduce memory load on the system
#   Increase physical memory or swap space
#   Check if swap backing store is full
#   Use 64 bit Java on a 64 bit OS
#   Decrease Java heap size (-Xmx/-Xms)
#   Decrease number of Java threads
#   Decrease Java thread stack sizes (-Xss)
#   Set larger code cache with -XX:ReservedCodeCacheSize=
# This output file may be truncated or incomplete.
#
#  Out of Memory Error (allocation.cpp:273), pid=4244, tid=0x0000000000000de0
#
# JRE version: Java(TM) SE Runtime Environment (8.0_111-b14) (build 1.8.0_111-b14)
# Java VM: Java HotSpot(TM) 64-Bit Server VM (25.111-b14 mixed mode windows-amd64 compressed oops)
# Failed to write core dump. Minidumps are not enabled by default on client versions of Windows
#

---------------  T H R E A D  ---------------

Current thread (0x0000000054e58800):  JavaThread "C2 CompilerThread0" daemon [_thread_in_native, id=3552, stack(0x0000000055a40000,0x0000000055b40000)]

Stack: [0x0000000055a40000,0x0000000055b40000]
[error occurred during error reporting (printing stack bounds), id 0xc0000005]

Native frames: (J=compiled Java code, j=interpreted, Vv=VM code, C=native code)


Current CompileTask:
C2:  36677 2229       4       com.android.dx.ssa.DeadCodeRemover::run (194 bytes)


---------------  P R O C E S S  ---------------

Java Threads: ( => current thread )
  0x0000000056691800 JavaThread "pool-1-thread-4" [_thread_blocked, id=3152, stack(0x0000000057050000,0x0000000057150000)]
  0x0000000056691000 JavaThread "pool-1-thread-3" [_thread_blocked, id=2936, stack(0x0000000056eb0000,0x0000000056fb0000)]
  0x000000005668e000 JavaThread "pool-1-thread-2" [_thread_blocked, id=2464, stack(0x0000000056cb0000,0x0000000056db0000)]
  0x000000005668b000 JavaThread "pool-2-thread-1" [_thread_blocked, id=5036, stack(0x0000000055f80000,0x0000000056080000)]
  0x0000000056642800 JavaThread "pool-1-thread-1" [_thread_blocked, id=4316, stack(0x0000000056ab0000,0x0000000056bb0000)]
  0x0000000054e6d000 JavaThread "Service Thread" daemon [_thread_blocked, id=4048, stack(0x0000000056320000,0x0000000056420000)]
  0x0000000054e5e800 JavaThread "C1 CompilerThread1" daemon [_thread_blocked, id=3892, stack(0x00000000560f0000,0x00000000561f0000)]
=>0x0000000054e58800 JavaThread "C2 CompilerThread0" daemon [_thread_in_native, id=3552, stack(0x0000000055a40000,0x0000000055b40000)]
  0x0000000054e57000 JavaThread "Attach Listener" daemon [_thread_blocked, id=3628, stack(0x0000000055e60000,0x0000000055f60000)]
  0x0000000054e55000 JavaThread "Signal Dispatcher" daemon [_thread_blocked, id=2356, stack(0x0000000055c90000,0x0000000055d90000)]
  0x0000000054e3e800 JavaThread "Finalizer" daemon [_thread_blocked, id=2744, stack(0x0000000055b60000,0x0000000055c60000)]
  0x0000000054df5000 JavaThread "Reference Handler" daemon [_thread_blocked, id=4140, stack(0x00000000558f0000,0x00000000559f0000)]
  0x000000000220e000 JavaThread "main" [_thread_blocked, id=4440, stack(0x0000000002410000,0x0000000002510000)]

Other Threads:
  0x0000000054ded000 VMThread [stack: 0x00000000557c0000,0x00000000558c0000] [id=3556]
  0x0000000056456800 WatcherThread [stack: 0x00000000568e0000,0x00000000569e0000] [id=3524]

VM state:not at safepoint (normal execution)

VM Mutex/Monitor currently owned by a thread: None

Heap:
 PSYoungGen      total 68096K, used 62662K [0x00000000eab00000, 0x00000000f4400000, 0x0000000100000000)
  eden space 65536K, 91% used [0x00000000eab00000,0x00000000ee5b2260,0x00000000eeb00000)
  from space 2560K, 99% used [0x00000000eeb00000,0x00000000eed7f8f0,0x00000000eed80000)
  to   space 12800K, 0% used [0x00000000f3780000,0x00000000f3780000,0x00000000f4400000)
 ParOldGen       total 44032K, used 23494K [0x00000000c0000000, 0x00000000c2b00000, 0x00000000eab00000)
  object space 44032K, 53% used [0x00000000c0000000,0x00000000c16f18d0,0x00000000c2b00000)
 Metaspace       used 6500K, capacity 7192K, committed 7424K, reserved 1056768K
  class space    used 643K, capacity 656K, committed 768K, reserved 1048576K

Card table byte_map: [0x0000000011ba0000,0x0000000011db0000] byte_map_base: 0x00000000115a0000

Marking Bits: (ParMarkBitMap*) 0x00000000703ba6c0
 Begin Bits: [0x00000000122c0000, 0x00000000132c0000)
 End Bits:   [0x00000000132c0000, 0x00000000142c0000)

Polling page: 0x0000000000240000

CodeCache: size=245760Kb used=10060Kb max_used=10076Kb free=235699Kb
 bounds [0x00000000027e0000, 0x00000000031d0000, 0x00000000117e0000]
 total_blobs=2419 nmethods=2151 adapters=182
 compilation: enabled

Compilation events (10 events):
Event: 35.680 Thread 0x0000000054e58800 nmethod 2224 0x00000000031b7fd0 code [0x00000000031b82e0, 0x00000000031baa70]
Event: 35.681 Thread 0x0000000054e5e800 2225       3       com.android.dx.ssa.SsaInsn::makeFromRop (10 bytes)
Event: 35.683 Thread 0x0000000054e5e800 nmethod 2225 0x000000000318d310 code [0x000000000318d4a0, 0x000000000318d928]
Event: 35.683 Thread 0x0000000054e5e800 2226       3       com.android.dx.rop.code.LocalItem::compareTo (9 bytes)
Event: 35.684 Thread 0x0000000054e5e800 nmethod 2226 0x0000000003187550 code [0x0000000003187700, 0x0000000003187dd8]
Event: 35.798 Thread 0x0000000054e5e800 2227       3       com.android.dx.rop.cst.StdConstantPool::get0Ok (12 bytes)
Event: 35.800 Thread 0x0000000054e5e800 nmethod 2227 0x00000000031a7510 code [0x00000000031a77c0, 0x00000000031a8938]
Event: 35.800 Thread 0x0000000054e58800 2228       4       com.android.dx.ssa.back.FirstFitLocalCombiningAllocator::addMapping (76 bytes)
Event: 35.884 Thread 0x0000000054e58800 nmethod 2228 0x00000000031be990 code [0x00000000031beb80, 0x00000000031bfcc8]
Event: 36.474 Thread 0x0000000054e58800 2229       4       com.android.dx.ssa.DeadCodeRemover::run (194 bytes)

GC Heap History (10 events):
Event: 2.738 GC heap before
{Heap before GC invocations=1 (full 0):
 PSYoungGen      total 18944K, used 16384K [0x00000000eab00000, 0x00000000ec000000, 0x0000000100000000)
  eden space 16384K, 100% used [0x00000000eab00000,0x00000000ebb00000,0x00000000ebb00000)
  from space 2560K, 0% used [0x00000000ebd80000,0x00000000ebd80000,0x00000000ec000000)
  to   space 2560K, 0% used [0x00000000ebb00000,0x00000000ebb00000,0x00000000ebd80000)
 ParOldGen       total 44032K, used 0K [0x00000000c0000000, 0x00000000c2b00000, 0x00000000eab00000)
  object space 44032K, 0% used [0x00000000c0000000,0x00000000c0000000,0x00000000c2b00000)
 Metaspace       used 5904K, capacity 6808K, committed 7168K, reserved 1056768K
  class space    used 615K, capacity 656K, committed 768K, reserved 1048576K
Event: 2.791 GC heap after
Heap after GC invocations=1 (full 0):
 PSYoungGen      total 18944K, used 2538K [0x00000000eab00000, 0x00000000ed000000, 0x0000000100000000)
  eden space 16384K, 0% used [0x00000000eab00000,0x00000000eab00000,0x00000000ebb00000)
  from space 2560K, 99% used [0x00000000ebb00000,0x00000000ebd7aab0,0x00000000ebd80000)
  to   space 2560K, 0% used [0x00000000ecd80000,0x00000000ecd80000,0x00000000ed000000)
 ParOldGen       total 44032K, used 1848K [0x00000000c0000000, 0x00000000c2b00000, 0x00000000eab00000)
  object space 44032K, 4% used [0x00000000c0000000,0x00000000c01ce230,0x00000000c2b00000)
 Metaspace       used 5904K, capacity 6808K, committed 7168K, reserved 1056768K
  class space    used 615K, capacity 656K, committed 768K, reserved 1048576K
}
Event: 4.068 GC heap before
{Heap before GC invocations=2 (full 0):
 PSYoungGen      total 18944K, used 18922K [0x00000000eab00000, 0x00000000ed000000, 0x0000000100000000)
  eden space 16384K, 100% used [0x00000000eab00000,0x00000000ebb00000,0x00000000ebb00000)
  from space 2560K, 99% used [0x00000000ebb00000,0x00000000ebd7aab0,0x00000000ebd80000)
  to   space 2560K, 0% used [0x00000000ecd80000,0x00000000ecd80000,0x00000000ed000000)
 ParOldGen       total 44032K, used 1848K [0x00000000c0000000, 0x00000000c2b00000, 0x00000000eab00000)
  object space 44032K, 4% used [0x00000000c0000000,0x00000000c01ce230,0x00000000c2b00000)
 Metaspace       used 6102K, capacity 7000K, committed 7168K, reserved 1056768K
  class space    used 616K, capacity 656K, committed 768K, reserved 1048576K
Event: 4.092 GC heap after
Heap after GC invocations=2 (full 0):
 PSYoungGen      total 35328K, used 2528K [0x00000000eab00000, 0x00000000ed000000, 0x0000000100000000)
  eden space 32768K, 0% used [0x00000000eab00000,0x00000000eab00000,0x00000000ecb00000)
  from space 2560K, 98% used [0x00000000ecd80000,0x00000000ecff8010,0x00000000ed000000)
  to   space 2560K, 0% used [0x00000000ecb00000,0x00000000ecb00000,0x00000000ecd80000)
 ParOldGen       total 44032K, used 4033K [0x00000000c0000000, 0x00000000c2b00000, 0x00000000eab00000)
  object space 44032K, 9% used [0x00000000c0000000,0x00000000c03f04f8,0x00000000c2b00000)
 Metaspace       used 6102K, capacity 7000K, committed 7168K, reserved 1056768K
  class space    used 616K, capacity 656K, committed 768K, reserved 1048576K
}
Event: 6.395 GC heap before
{Heap before GC invocations=3 (full 0):
 PSYoungGen      total 35328K, used 35296K [0x00000000eab00000, 0x00000000ed000000, 0x0000000100000000)
  eden space 32768K, 100% used [0x00000000eab00000,0x00000000ecb00000,0x00000000ecb00000)
  from space 2560K, 98% used [0x00000000ecd80000,0x00000000ecff8010,0x00000000ed000000)
  to   space 2560K, 0% used [0x00000000ecb00000,0x00000000ecb00000,0x00000000ecd80000)
 ParOldGen       total 44032K, used 4033K [0x00000000c0000000, 0x00000000c2b00000, 0x00000000eab00000)
  object space 44032K, 9% used [0x00000000c0000000,0x00000000c03f04f8,0x00000000c2b00000)
 Metaspace       used 6253K, capacity 7064K, committed 7424K, reserved 1056768K
  class space    used 622K, capacity 656K, committed 768K, reserved 1048576K
Event: 6.476 GC heap after
Heap after GC invocations=3 (full 0):
 PSYoungGen      total 35328K, used 2560K [0x00000000eab00000, 0x00000000ef000000, 0x0000000100000000)
  eden space 32768K, 0% used [0x00000000eab00000,0x00000000eab00000,0x00000000ecb00000)
  from space 2560K, 100% used [0x00000000ecb00000,0x00000000ecd80000,0x00000000ecd80000)
  to   space 2560K, 0% used [0x00000000eed80000,0x00000000eed80000,0x00000000ef000000)
 ParOldGen       total 44032K, used 8897K [0x00000000c0000000, 0x00000000c2b00000, 0x00000000eab00000)
  object space 44032K, 20% used [0x00000000c0000000,0x00000000c08b0440,0x00000000c2b00000)
 Metaspace       used 6253K, capacity 7064K, committed 7424K, reserved 1056768K
  class space    used 622K, capacity 656K, committed 768K, reserved 1048576K
}
Event: 17.306 GC heap before
{Heap before GC invocations=4 (full 0):
 PSYoungGen      total 35328K, used 35328K [0x00000000eab00000, 0x00000000ef000000, 0x0000000100000000)
  eden space 32768K, 100% used [0x00000000eab00000,0x00000000ecb00000,0x00000000ecb00000)
  from space 2560K, 100% used [0x00000000ecb00000,0x00000000ecd80000,0x00000000ecd80000)
  to   space 2560K, 0% used [0x00000000eed80000,0x00000000eed80000,0x00000000ef000000)
 ParOldGen       total 44032K, used 8897K [0x00000000c0000000, 0x00000000c2b00000, 0x00000000eab00000)
  object space 44032K, 20% used [0x00000000c0000000,0x00000000c08b0440,0x00000000c2b00000)
 Metaspace       used 6340K, capacity 7128K, committed 7424K, reserved 1056768K
  class space    used 623K, capacity 656K, committed 768K, reserved 1048576K
Event: 17.845 GC heap after
Heap after GC invocations=4 (full 0):
 PSYoungGen      total 68096K, used 2560K [0x00000000eab00000, 0x00000000ef000000, 0x0000000100000000)
  eden space 65536K, 0% used [0x00000000eab00000,0x00000000eab00000,0x00000000eeb00000)
  from space 2560K, 100% used [0x00000000eed80000,0x00000000ef000000,0x00000000ef000000)
  to   space 2560K, 0% used [0x00000000eeb00000,0x00000000eeb00000,0x00000000eed80000)
 ParOldGen       total 44032K, used 14035K [0x00000000c0000000, 0x00000000c2b00000, 0x00000000eab00000)
  object space 44032K, 31% used [0x00000000c0000000,0x00000000c0db4d40,0x00000000c2b00000)
 Metaspace       used 6340K, capacity 7128K, committed 7424K, reserved 1056768K
  class space    used 623K, capacity 656K, committed 768K, reserved 1048576K
}
Event: 32.263 GC heap before
{Heap before GC invocations=5 (full 0):
 PSYoungGen      total 68096K, used 68096K [0x00000000eab00000, 0x00000000ef000000, 0x0000000100000000)
  eden space 65536K, 100% used [0x00000000eab00000,0x00000000eeb00000,0x00000000eeb00000)
  from space 2560K, 100% used [0x00000000eed80000,0x00000000ef000000,0x00000000ef000000)
  to   space 2560K, 0% used [0x00000000eeb00000,0x00000000eeb00000,0x00000000eed80000)
 ParOldGen       total 44032K, used 14035K [0x00000000c0000000, 0x00000000c2b00000, 0x00000000eab00000)
  object space 44032K, 31% used [0x00000000c0000000,0x00000000c0db4d40,0x00000000c2b00000)
 Metaspace       used 6467K, capacity 7192K, committed 7424K, reserved 1056768K
  class space    used 643K, capacity 656K, committed 768K, reserved 1048576K
Event: 32.528 GC heap after
Heap after GC invocations=5 (full 0):
 PSYoungGen      total 68096K, used 2558K [0x00000000eab00000, 0x00000000f4400000, 0x0000000100000000)
  eden space 65536K, 0% used [0x00000000eab00000,0x00000000eab00000,0x00000000eeb00000)
  from space 2560K, 99% used [0x00000000eeb00000,0x00000000eed7f8f0,0x00000000eed80000)
  to   space 12800K, 0% used [0x00000000f3780000,0x00000000f3780000,0x00000000f4400000)
 ParOldGen       total 44032K, used 23494K [0x00000000c0000000, 0x00000000c2b00000, 0x00000000eab00000)
  object space 44032K, 53% used [0x00000000c0000000,0x00000000c16f18d0,0x00000000c2b00000)
 Metaspace       used 6467K, capacity 7192K, committed 7424K, reserved 1056768K
  class space    used 643K, capacity 656K, committed 768K, reserved 1048576K
}

Deoptimization events (10 events):
Event: 22.348 Thread 0x0000000056691000 Uncommon trap: reason=unstable_if action=reinterpret pc=0x0000000002e4237c method=java.util.HashMap.resize()[Ljava/util/HashMap$Node; @ 206
Event: 32.262 Thread 0x000000005668e000 Uncommon trap: reason=class_check action=maybe_recompile pc=0x0000000002d76c98 method=java.util.HashMap.putVal(ILjava/lang/Object;Ljava/lang/Object;ZZ)Ljava/lang/Object; @ 203
Event: 33.748 Thread 0x0000000056691000 Uncommon trap: reason=unstable_if action=reinterpret pc=0x00000000030c7b2c method=com.android.dx.cf.code.BaseMachine.popArgs(Lcom/android/dx/cf/code/Frame;I)V @ 15
Event: 33.859 Thread 0x0000000056691800 Uncommon trap: reason=bimorphic action=maybe_recompile pc=0x00000000030b9318 method=com.android.dx.rop.code.RegisterSpec.withSimpleType()Lcom/android/dx/rop/code/RegisterSpec; @ 21
Event: 33.859 Thread 0x0000000056691800 Uncommon trap: reason=bimorphic action=maybe_recompile pc=0x00000000030b9318 method=com.android.dx.rop.code.RegisterSpec.withSimpleType()Lcom/android/dx/rop/code/RegisterSpec; @ 21
Event: 33.859 Thread 0x0000000056691800 Uncommon trap: reason=bimorphic action=maybe_recompile pc=0x00000000030b9318 method=com.android.dx.rop.code.RegisterSpec.withSimpleType()Lcom/android/dx/rop/code/RegisterSpec; @ 21
Event: 33.860 Thread 0x0000000056691800 Uncommon trap: reason=bimorphic action=maybe_recompile pc=0x00000000030b9318 method=com.android.dx.rop.code.RegisterSpec.withSimpleType()Lcom/android/dx/rop/code/RegisterSpec; @ 21
Event: 34.010 Thread 0x000000005668e000 Uncommon trap: reason=unstable_if action=reinterpret pc=0x000000000311fcc0 method=com.android.dx.dex.code.RopTranslator.pickOrder()V @ 130
Event: 34.703 Thread 0x000000005668e000 Uncommon trap: reason=bimorphic action=maybe_recompile pc=0x0000000002f6d070 method=com.android.dx.cf.code.BytecodeArray.parseInstruction(ILcom/android/dx/cf/code/BytecodeArray$Visitor;)I @ 2484
Event: 34.704 Thread 0x000000005668e000 Uncommon trap: reason=bimorphic action=maybe_recompile pc=0x0000000002f6d070 method=com.android.dx.cf.code.BytecodeArray.parseInstruction(ILcom/android/dx/cf/code/BytecodeArray$Visitor;)I @ 2484

Internal exceptions (8 events):
Event: 0.332 Thread 0x000000000220e000 Exception <a 'java/lang/NoSuchMethodError': Method sun.misc.Unsafe.defineClass(Ljava/lang/String;[BII)Ljava/lang/Class; name or signature does not match> (0x00000000eab07c78) thrown at [C:\re\workspace\8-2-build-windows-amd64-cygwin\jdk8u111\7883\hotspot\
Event: 0.332 Thread 0x000000000220e000 Exception <a 'java/lang/NoSuchMethodError': Method sun.misc.Unsafe.prefetchRead(Ljava/lang/Object;J)V name or signature does not match> (0x00000000eab07f60) thrown at [C:\re\workspace\8-2-build-windows-amd64-cygwin\jdk8u111\7883\hotspot\src\share\vm\prims
Event: 0.560 Thread 0x000000000220e000 Exception <a 'java/io/FileNotFoundException'> (0x00000000eab5af90) thrown at [C:\re\workspace\8-2-build-windows-amd64-cygwin\jdk8u111\7883\hotspot\src\share\vm\prims\jni.cpp, line 709]
Event: 2.938 Thread 0x0000000056642800 Implicit null exception at 0x0000000002b81ef2 to 0x0000000002b83e95
Event: 3.215 Thread 0x0000000056642800 Implicit null exception at 0x0000000002b8e35f to 0x0000000002b90461
Event: 18.018 Thread 0x000000005668e000 Exception <a 'java/lang/ArrayIndexOutOfBoundsException': 18> (0x00000000eb3537c8) thrown at [C:\re\workspace\8-2-build-windows-amd64-cygwin\jdk8u111\7883\hotspot\src\share\vm\interpreter\interpreterRuntime.cpp, line 366]
Event: 18.019 Thread 0x000000005668e000 Exception <a 'java/lang/ArrayIndexOutOfBoundsException'> (0x00000000eb355348) thrown at [C:\re\workspace\8-2-build-windows-amd64-cygwin\jdk8u111\7883\hotspot\src\share\vm\runtime\sharedRuntime.cpp, line 605]
Event: 18.022 Thread 0x000000005668e000 Exception <a 'java/lang/ArrayIndexOutOfBoundsException'> (0x00000000eb356630) thrown at [C:\re\workspace\8-2-build-windows-amd64-cygwin\jdk8u111\7883\hotspot\src\share\vm\runtime\sharedRuntime.cpp, line 605]

Events (10 events):
Event: 33.860 Thread 0x0000000056691800 DEOPT UNPACKING pc=0x000000000282582a sp=0x000000005714e738 mode 2
Event: 34.010 Thread 0x000000005668e000 Uncommon trap: trap_request=0xffffff65 fr.pc=0x000000000311fcc0
Event: 34.010 Thread 0x000000005668e000 DEOPT PACKING pc=0x000000000311fcc0 sp=0x0000000056daefa0
Event: 34.010 Thread 0x000000005668e000 DEOPT UNPACKING pc=0x000000000282582a sp=0x0000000056daef20 mode 2
Event: 34.703 Thread 0x000000005668e000 Uncommon trap: trap_request=0xffffffc6 fr.pc=0x0000000002f6d070
Event: 34.703 Thread 0x000000005668e000 DEOPT PACKING pc=0x0000000002f6d070 sp=0x0000000056daeca0
Event: 34.703 Thread 0x000000005668e000 DEOPT UNPACKING pc=0x000000000282582a sp=0x0000000056daec28 mode 2
Event: 34.704 Thread 0x000000005668e000 Uncommon trap: trap_request=0xffffffc6 fr.pc=0x0000000002f6d070
Event: 34.704 Thread 0x000000005668e000 DEOPT PACKING pc=0x0000000002f6d070 sp=0x0000000056daed40
Event: 34.704 Thread 0x000000005668e000 DEOPT UNPACKING pc=0x000000000282582a sp=0x0000000056daecc8 mode 2


Dynamic libraries:
0x000000013f6c0000 - 0x000000013f6f7000 	C:\Program Files\Java\jdk1.8.0_111\bin\java.exe
0x00000000770e0000 - 0x0000000077289000 	C:\Windows\SYSTEM32\ntdll.dll
0x0000000076fc0000 - 0x00000000770df000 	C:\Windows\system32\kernel32.dll
0x000007fefd0f0000 - 0x000007fefd15c000 	C:\Windows\system32\KERNELBASE.dll
0x000007fefdc10000 - 0x000007fefdceb000 	C:\Windows\system32\ADVAPI32.dll
0x000007fefde80000 - 0x000007fefdf1f000 	C:\Windows\system32\msvcrt.dll
0x000007fefe4d0000 - 0x000007fefe4ef000 	C:\Windows\SYSTEM32\sechost.dll
0x000007fefdd30000 - 0x000007fefde5d000 	C:\Windows\system32\RPCRT4.dll
0x0000000076ec0000 - 0x0000000076fba000 	C:\Windows\system32\USER32.dll
0x000007fefd5a0000 - 0x000007fefd607000 	C:\Windows\system32\GDI32.dll
0x000007fefe4c0000 - 0x000007fefe4ce000 	C:\Windows\system32\LPK.dll
0x000007feff280000 - 0x000007feff349000 	C:\Windows\system32\USP10.dll
0x000007fefb8d0000 - 0x000007fefbac4000 	C:\Windows\WinSxS\amd64_microsoft.windows.common-controls_6595b64144ccf1df_6.0.7601.17514_none_fa396087175ac9ac\COMCTL32.dll
0x000007fefd750000 - 0x000007fefd7c1000 	C:\Windows\system32\SHLWAPI.dll
0x000007fefdd00000 - 0x000007fefdd2e000 	C:\Windows\system32\IMM32.DLL
0x000007fefdf20000 - 0x000007fefe029000 	C:\Windows\system32\MSCTF.dll
0x0000000070dc0000 - 0x0000000070e92000 	C:\Program Files\Java\jdk1.8.0_111\jre\bin\msvcr100.dll
0x000000006fba0000 - 0x000000007043a000 	C:\Program Files\Java\jdk1.8.0_111\jre\bin\server\jvm.dll
0x000007fef78c0000 - 0x000007fef78c9000 	C:\Windows\system32\WSOCK32.dll
0x000007fefd7d0000 - 0x000007fefd81d000 	C:\Windows\system32\WS2_32.dll
0x000007fefdcf0000 - 0x000007fefdcf8000 	C:\Windows\system32\NSI.dll
0x000007fefad90000 - 0x000007fefadcb000 	C:\Windows\system32\WINMM.dll
0x000007fefc140000 - 0x000007fefc14c000 	C:\Windows\system32\VERSION.dll
0x00000000772b0000 - 0x00000000772b7000 	C:\Windows\system32\PSAPI.DLL
0x0000000073640000 - 0x000000007364f000 	C:\Program Files\Java\jdk1.8.0_111\jre\bin\verify.dll
0x0000000073590000 - 0x00000000735b9000 	C:\Program Files\Java\jdk1.8.0_111\jre\bin\java.dll
0x00000000730a0000 - 0x00000000730b6000 	C:\Program Files\Java\jdk1.8.0_111\jre\bin\zip.dll
0x000007fefe4f0000 - 0x000007feff279000 	C:\Windows\system32\SHELL32.dll
0x000007fefe2b0000 - 0x000007fefe4b3000 	C:\Windows\system32\ole32.dll
0x000007fefcfe0000 - 0x000007fefcfef000 	C:\Windows\system32\profapi.dll

VM Arguments:
jvm_args: -Xmx1024M -Dfile.encoding=windows-1251 -Duser.country=RU -Duser.language=ru -Duser.variant 
java_command: com.android.dx.command.Main --dex --num-threads=4 --output C:\!DISK\GitHub\Budget\anBudget\android\app\build\intermediates\pre-dexed\debug\classes-915e4a39e225acb5b6254e31f5fc3718b4d7120c.jar C:\!DISK\GitHub\Budget\anBudget\android\app\build\intermediates\exploded-aar\com.android.support\support-v4\23.4.0\jars\classes.jar
java_class_path (initial): C:\Users\ed\AppData\Local\Android\sdk\build-tools\23.0.1\lib\dx.jar
Launcher Type: SUN_STANDARD

Environment Variables:
CLASSPATH=C:\!DISK\GitHub\Budget\anBudget\android\\gradle\wrapper\gradle-wrapper.jar
PATH=C:\ProgramData\Oracle\Java\javapath;C:\Windows\system32;C:\Windows;C:\Windows\System32\Wbem;C:\Windows\System32\WindowsPowerShell\v1.0\;C:\Program Files (x86)\Skype\Phone\;C:\Program Files\Git\cmd;C:\Program Files\nodejs\;C:\Users\ed\AppData\Roaming\npm;C:\Program Files\Heroku\bin;C:\Program Files\Java\jdk1.8.0_111\bin
USERNAME=ed
OS=Windows_NT
PROCESSOR_IDENTIFIER=Intel64 Family 6 Model 55 Stepping 8, GenuineIntel



---------------  S Y S T E M  ---------------

OS: Windows 7 , 64 bit Build 7601 (6.1.7601.18409)

CPU:total 2 (2 cores per cpu, 1 threads per core) family 6 model 55 stepping 8, cmov, cx8, fxsr, mmx, sse, sse2, sse3, ssse3, sse4.1, sse4.2, popcnt, clmul, erms, 3dnowpref, tsc, tscinvbit

Memory: 4k page, physical 4075892k(335072k free), swap 5098036k(5216k free)

vm_info: Java HotSpot(TM) 64-Bit Server VM (25.111-b14) for windows-amd64 JRE (1.8.0_111-b14), built on Sep 22 2016 19:24:05 by "java_re" with MS VC++ 10.0 (VS2010)

time: Sun Feb 19 13:10:35 2017
elapsed time: 36 seconds (0d 0h 0m 36s)

