#
# There is insufficient memory for the Java Runtime Environment to continue.
# Native memory allocation (malloc) failed to allocate 1090416 bytes for Chunk::new
# Possible reasons:
#   The system is out of physical RAM or swap space
#   In 32 bit mode, the process size limit was hit
# Possible solutions:
#   Reduce memory load on the system
#   Increase physical memory or swap space
#   Check if swap backing store is full
#   Use 64 bit Java on a 64 bit OS
#   Decrease Java heap size (-Xmx/-Xms)
#   Decrease number of Java threads
#   Decrease Java thread stack sizes (-Xss)
#   Set larger code cache with -XX:ReservedCodeCacheSize=
# This output file may be truncated or incomplete.
#
#  Out of Memory Error (allocation.cpp:390), pid=4580, tid=0x0000000000000ac0
#
# JRE version: Java(TM) SE Runtime Environment (8.0_111-b14) (build 1.8.0_111-b14)
# Java VM: Java HotSpot(TM) 64-Bit Server VM (25.111-b14 mixed mode windows-amd64 compressed oops)
# Failed to write core dump. Minidumps are not enabled by default on client versions of Windows
#

---------------  T H R E A D  ---------------

Current thread (0x0000000054db8800):  JavaThread "C2 CompilerThread0" daemon [_thread_in_native, id=2752, stack(0x0000000055f40000,0x0000000056040000)]

Stack: [0x0000000055f40000,0x0000000056040000]
[error occurred during error reporting (printing stack bounds), id 0xc0000005]

Native frames: (J=compiled Java code, j=interpreted, Vv=VM code, C=native code)


Current CompileTask:
C2:   9034 1627   !   4       com.android.dx.cf.code.BytecodeArray::parseInstruction (2764 bytes)


---------------  P R O C E S S  ---------------

Java Threads: ( => current thread )
  0x0000000056429000 JavaThread "pool-1-thread-4" [_thread_blocked, id=4968, stack(0x0000000056f00000,0x0000000057000000)]
  0x0000000056427000 JavaThread "pool-1-thread-3" [_thread_blocked, id=4424, stack(0x0000000056c20000,0x0000000056d20000)]
  0x00000000563ca000 JavaThread "pool-1-thread-2" [_thread_blocked, id=3416, stack(0x0000000055c90000,0x0000000055d90000)]
  0x00000000563c7000 JavaThread "pool-2-thread-1" [_thread_blocked, id=3252, stack(0x0000000056b00000,0x0000000056c00000)]
  0x00000000563bf000 JavaThread "pool-1-thread-1" [_thread_blocked, id=1952, stack(0x00000000569b0000,0x0000000056ab0000)]
  0x0000000054e1c000 JavaThread "Service Thread" daemon [_thread_blocked, id=4104, stack(0x0000000056690000,0x0000000056790000)]
  0x0000000054e14000 JavaThread "C1 CompilerThread1" daemon [_thread_blocked, id=3456, stack(0x00000000560a0000,0x00000000561a0000)]
=>0x0000000054db8800 JavaThread "C2 CompilerThread0" daemon [_thread_in_native, id=2752, stack(0x0000000055f40000,0x0000000056040000)]
  0x0000000054db7000 JavaThread "Attach Listener" daemon [_thread_blocked, id=3700, stack(0x0000000055e20000,0x0000000055f20000)]
  0x0000000054db5000 JavaThread "Signal Dispatcher" daemon [_thread_blocked, id=3000, stack(0x0000000055b60000,0x0000000055c60000)]
  0x0000000054d9e800 JavaThread "Finalizer" daemon [_thread_blocked, id=2880, stack(0x00000000558e0000,0x00000000559e0000)]
  0x0000000054d55000 JavaThread "Reference Handler" daemon [_thread_blocked, id=4720, stack(0x0000000055a30000,0x0000000055b30000)]
  0x00000000020de000 JavaThread "main" [_thread_blocked, id=3332, stack(0x0000000002370000,0x0000000002470000)]

Other Threads:
  0x0000000054d4d000 VMThread [stack: 0x0000000055780000,0x0000000055880000] [id=256]
  0x00000000561b0800 WatcherThread [stack: 0x0000000056840000,0x0000000056940000] [id=3472]

VM state:not at safepoint (normal execution)

VM Mutex/Monitor currently owned by a thread: None

Heap:
 PSYoungGen      total 35328K, used 10294K [0x00000000eab00000, 0x00000000efa00000, 0x0000000100000000)
  eden space 32768K, 23% used [0x00000000eab00000,0x00000000eb28dbc0,0x00000000ecb00000)
  from space 2560K, 100% used [0x00000000ecb00000,0x00000000ecd80000,0x00000000ecd80000)
  to   space 7680K, 0% used [0x00000000ef280000,0x00000000ef280000,0x00000000efa00000)
 ParOldGen       total 44032K, used 14558K [0x00000000c0000000, 0x00000000c2b00000, 0x00000000eab00000)
  object space 44032K, 33% used [0x00000000c0000000,0x00000000c0e37928,0x00000000c2b00000)
 Metaspace       used 6405K, capacity 7192K, committed 7424K, reserved 1056768K
  class space    used 622K, capacity 656K, committed 768K, reserved 1048576K

Card table byte_map: [0x0000000011b00000,0x0000000011d10000] byte_map_base: 0x0000000011500000

Marking Bits: (ParMarkBitMap*) 0x00000000703ba6c0
 Begin Bits: [0x0000000012220000, 0x0000000013220000)
 End Bits:   [0x0000000013220000, 0x0000000014220000)

Polling page: 0x0000000000130000

CodeCache: size=245760Kb used=6842Kb max_used=6842Kb free=238917Kb
 bounds [0x0000000002740000, 0x0000000002e00000, 0x0000000011740000]
 total_blobs=1975 nmethods=1706 adapters=182
 compilation: enabled

Compilation events (10 events):
Event: 8.835 Thread 0x0000000054e14000 1714       2       com.android.dx.ssa.PhiInsn::updateSourcesToDefinitions (68 bytes)
Event: 8.836 Thread 0x0000000054e14000 nmethod 1714 0x0000000002debd50 code [0x0000000002debf00, 0x0000000002dec2b8]
Event: 8.851 Thread 0x0000000054e14000 1715       2       com.android.dx.ssa.PhiInsn::changeResultType (17 bytes)
Event: 8.852 Thread 0x0000000054e14000 nmethod 1715 0x0000000002dec650 code [0x0000000002dec7c0, 0x0000000002dec9f8]
Event: 8.852 Thread 0x0000000054e14000 1716       2       java.util.Collections$UnmodifiableCollection::size (10 bytes)
Event: 8.852 Thread 0x0000000054e14000 nmethod 1716 0x0000000002decb50 code [0x0000000002deccc0, 0x0000000002dece48]
Event: 8.879 Thread 0x0000000054e14000 1717       1       com.android.dx.cf.direct.DirectClassFile$DcfTypeList::size (5 bytes)
Event: 8.879 Thread 0x0000000054e14000 nmethod 1717 0x0000000002deced0 code [0x0000000002ded020, 0x0000000002ded130]
Event: 8.981 Thread 0x0000000054e14000 1719   !   2       com.android.dx.dex.cf.CfTranslator::processMethods (583 bytes)
Event: 8.990 Thread 0x0000000054e14000 nmethod 1719 0x0000000002ded190 code [0x0000000002ded640, 0x0000000002deec68]

GC Heap History (10 events):
Event: 2.419 GC heap before
{Heap before GC invocations=1 (full 0):
 PSYoungGen      total 18944K, used 16384K [0x00000000eab00000, 0x00000000ec000000, 0x0000000100000000)
  eden space 16384K, 100% used [0x00000000eab00000,0x00000000ebb00000,0x00000000ebb00000)
  from space 2560K, 0% used [0x00000000ebd80000,0x00000000ebd80000,0x00000000ec000000)
  to   space 2560K, 0% used [0x00000000ebb00000,0x00000000ebb00000,0x00000000ebd80000)
 ParOldGen       total 44032K, used 0K [0x00000000c0000000, 0x00000000c2b00000, 0x00000000eab00000)
  object space 44032K, 0% used [0x00000000c0000000,0x00000000c0000000,0x00000000c2b00000)
 Metaspace       used 5931K, capacity 6808K, committed 7168K, reserved 1056768K
  class space    used 620K, capacity 656K, committed 768K, reserved 1048576K
Event: 2.441 GC heap after
Heap after GC invocations=1 (full 0):
 PSYoungGen      total 18944K, used 2551K [0x00000000eab00000, 0x00000000ec000000, 0x0000000100000000)
  eden space 16384K, 0% used [0x00000000eab00000,0x00000000eab00000,0x00000000ebb00000)
  from space 2560K, 99% used [0x00000000ebb00000,0x00000000ebd7dc78,0x00000000ebd80000)
  to   space 2560K, 0% used [0x00000000ebd80000,0x00000000ebd80000,0x00000000ec000000)
 ParOldGen       total 44032K, used 1669K [0x00000000c0000000, 0x00000000c2b00000, 0x00000000eab00000)
  object space 44032K, 3% used [0x00000000c0000000,0x00000000c01a1618,0x00000000c2b00000)
 Metaspace       used 5931K, capacity 6808K, committed 7168K, reserved 1056768K
  class space    used 620K, capacity 656K, committed 768K, reserved 1048576K
}
Event: 3.959 GC heap before
{Heap before GC invocations=2 (full 0):
 PSYoungGen      total 18944K, used 18935K [0x00000000eab00000, 0x00000000ec000000, 0x0000000100000000)
  eden space 16384K, 100% used [0x00000000eab00000,0x00000000ebb00000,0x00000000ebb00000)
  from space 2560K, 99% used [0x00000000ebb00000,0x00000000ebd7dc78,0x00000000ebd80000)
  to   space 2560K, 0% used [0x00000000ebd80000,0x00000000ebd80000,0x00000000ec000000)
 ParOldGen       total 44032K, used 1669K [0x00000000c0000000, 0x00000000c2b00000, 0x00000000eab00000)
  object space 44032K, 3% used [0x00000000c0000000,0x00000000c01a1618,0x00000000c2b00000)
 Metaspace       used 6174K, capacity 7000K, committed 7168K, reserved 1056768K
  class space    used 621K, capacity 656K, committed 768K, reserved 1048576K
Event: 4.027 GC heap after
Heap after GC invocations=2 (full 0):
 PSYoungGen      total 18944K, used 2528K [0x00000000eab00000, 0x00000000ed000000, 0x0000000100000000)
  eden space 16384K, 0% used [0x00000000eab00000,0x00000000eab00000,0x00000000ebb00000)
  from space 2560K, 98% used [0x00000000ebd80000,0x00000000ebff8028,0x00000000ec000000)
  to   space 2560K, 0% used [0x00000000ebb00000,0x00000000ebb00000,0x00000000ebd80000)
 ParOldGen       total 44032K, used 3925K [0x00000000c0000000, 0x00000000c2b00000, 0x00000000eab00000)
  object space 44032K, 8% used [0x00000000c0000000,0x00000000c03d5480,0x00000000c2b00000)
 Metaspace       used 6174K, capacity 7000K, committed 7168K, reserved 1056768K
  class space    used 621K, capacity 656K, committed 768K, reserved 1048576K
}
Event: 6.363 GC heap before
{Heap before GC invocations=3 (full 0):
 PSYoungGen      total 18944K, used 18912K [0x00000000eab00000, 0x00000000ed000000, 0x0000000100000000)
  eden space 16384K, 100% used [0x00000000eab00000,0x00000000ebb00000,0x00000000ebb00000)
  from space 2560K, 98% used [0x00000000ebd80000,0x00000000ebff8028,0x00000000ec000000)
  to   space 2560K, 0% used [0x00000000ebb00000,0x00000000ebb00000,0x00000000ebd80000)
 ParOldGen       total 44032K, used 3925K [0x00000000c0000000, 0x00000000c2b00000, 0x00000000eab00000)
  object space 44032K, 8% used [0x00000000c0000000,0x00000000c03d5480,0x00000000c2b00000)
 Metaspace       used 6314K, capacity 7128K, committed 7424K, reserved 1056768K
  class space    used 622K, capacity 656K, committed 768K, reserved 1048576K
Event: 6.430 GC heap after
Heap after GC invocations=3 (full 0):
 PSYoungGen      total 18944K, used 2560K [0x00000000eab00000, 0x00000000ed000000, 0x0000000100000000)
  eden space 16384K, 0% used [0x00000000eab00000,0x00000000eab00000,0x00000000ebb00000)
  from space 2560K, 100% used [0x00000000ebb00000,0x00000000ebd80000,0x00000000ebd80000)
  to   space 2560K, 0% used [0x00000000ecd80000,0x00000000ecd80000,0x00000000ed000000)
 ParOldGen       total 44032K, used 6445K [0x00000000c0000000, 0x00000000c2b00000, 0x00000000eab00000)
  object space 44032K, 14% used [0x00000000c0000000,0x00000000c064b4f0,0x00000000c2b00000)
 Metaspace       used 6314K, capacity 7128K, committed 7424K, reserved 1056768K
  class space    used 622K, capacity 656K, committed 768K, reserved 1048576K
}
Event: 6.890 GC heap before
{Heap before GC invocations=4 (full 0):
 PSYoungGen      total 18944K, used 18944K [0x00000000eab00000, 0x00000000ed000000, 0x0000000100000000)
  eden space 16384K, 100% used [0x00000000eab00000,0x00000000ebb00000,0x00000000ebb00000)
  from space 2560K, 100% used [0x00000000ebb00000,0x00000000ebd80000,0x00000000ebd80000)
  to   space 2560K, 0% used [0x00000000ecd80000,0x00000000ecd80000,0x00000000ed000000)
 ParOldGen       total 44032K, used 6445K [0x00000000c0000000, 0x00000000c2b00000, 0x00000000eab00000)
  object space 44032K, 14% used [0x00000000c0000000,0x00000000c064b4f0,0x00000000c2b00000)
 Metaspace       used 6330K, capacity 7128K, committed 7424K, reserved 1056768K
  class space    used 622K, capacity 656K, committed 768K, reserved 1048576K
Event: 6.983 GC heap after
Heap after GC invocations=4 (full 0):
 PSYoungGen      total 35328K, used 2560K [0x00000000eab00000, 0x00000000ed000000, 0x0000000100000000)
  eden space 32768K, 0% used [0x00000000eab00000,0x00000000eab00000,0x00000000ecb00000)
  from space 2560K, 100% used [0x00000000ecd80000,0x00000000ed000000,0x00000000ed000000)
  to   space 2560K, 0% used [0x00000000ecb00000,0x00000000ecb00000,0x00000000ecd80000)
 ParOldGen       total 44032K, used 9190K [0x00000000c0000000, 0x00000000c2b00000, 0x00000000eab00000)
  object space 44032K, 20% used [0x00000000c0000000,0x00000000c08f9b30,0x00000000c2b00000)
 Metaspace       used 6330K, capacity 7128K, committed 7424K, reserved 1056768K
  class space    used 622K, capacity 656K, committed 768K, reserved 1048576K
}
Event: 8.605 GC heap before
{Heap before GC invocations=5 (full 0):
 PSYoungGen      total 35328K, used 35328K [0x00000000eab00000, 0x00000000ed000000, 0x0000000100000000)
  eden space 32768K, 100% used [0x00000000eab00000,0x00000000ecb00000,0x00000000ecb00000)
  from space 2560K, 100% used [0x00000000ecd80000,0x00000000ed000000,0x00000000ed000000)
  to   space 2560K, 0% used [0x00000000ecb00000,0x00000000ecb00000,0x00000000ecd80000)
 ParOldGen       total 44032K, used 9190K [0x00000000c0000000, 0x00000000c2b00000, 0x00000000eab00000)
  object space 44032K, 20% used [0x00000000c0000000,0x00000000c08f9b30,0x00000000c2b00000)
 Metaspace       used 6392K, capacity 7192K, committed 7424K, reserved 1056768K
  class space    used 622K, capacity 656K, committed 768K, reserved 1048576K
Event: 8.745 GC heap after
Heap after GC invocations=5 (full 0):
 PSYoungGen      total 35328K, used 2560K [0x00000000eab00000, 0x00000000efa00000, 0x0000000100000000)
  eden space 32768K, 0% used [0x00000000eab00000,0x00000000eab00000,0x00000000ecb00000)
  from space 2560K, 100% used [0x00000000ecb00000,0x00000000ecd80000,0x00000000ecd80000)
  to   space 7680K, 0% used [0x00000000ef280000,0x00000000ef280000,0x00000000efa00000)
 ParOldGen       total 44032K, used 14558K [0x00000000c0000000, 0x00000000c2b00000, 0x00000000eab00000)
  object space 44032K, 33% used [0x00000000c0000000,0x00000000c0e37928,0x00000000c2b00000)
 Metaspace       used 6392K, capacity 7192K, committed 7424K, reserved 1056768K
  class space    used 622K, capacity 656K, committed 768K, reserved 1048576K
}

Deoptimization events (10 events):
Event: 5.163 Thread 0x00000000563bf000 Uncommon trap: reason=unstable_if action=reinterpret pc=0x0000000002c7e8b8 method=com.android.dx.ssa.SCCP.simulateStmt(Lcom/android/dx/ssa/SsaInsn;)V @ 418
Event: 5.430 Thread 0x00000000563bf000 Uncommon trap: reason=unstable_if action=reinterpret pc=0x0000000002b6afe8 method=com.android.dx.rop.code.RegisterSpecSet.<init>(I)V @ 2
Event: 6.485 Thread 0x0000000056427000 Uncommon trap: reason=class_check action=maybe_recompile pc=0x0000000002caecf0 method=com.android.dx.rop.code.RegisterSpec.withSimpleType()Lcom/android/dx/rop/code/RegisterSpec; @ 6
Event: 6.566 Thread 0x00000000563bf000 Uncommon trap: reason=class_check action=maybe_recompile pc=0x0000000002caecf0 method=com.android.dx.rop.code.RegisterSpec.withSimpleType()Lcom/android/dx/rop/code/RegisterSpec; @ 6
Event: 6.568 Thread 0x00000000563bf000 Uncommon trap: reason=class_check action=maybe_recompile pc=0x0000000002caecf0 method=com.android.dx.rop.code.RegisterSpec.withSimpleType()Lcom/android/dx/rop/code/RegisterSpec; @ 6
Event: 7.060 Thread 0x00000000563ca000 Uncommon trap: reason=unloaded action=reinterpret pc=0x0000000002cea2ac method=com.android.dx.ssa.LiteralOpUpgrader$1.visitNonMoveInsn(Lcom/android/dx/ssa/NormalSsaInsn;)V @ 72
Event: 7.061 Thread 0x00000000563ca000 Uncommon trap: reason=unstable_if action=reinterpret pc=0x0000000002b5ffcc method=com.android.dx.ssa.SsaMethod.updateOneDefinition(Lcom/android/dx/ssa/SsaInsn;Lcom/android/dx/rop/code/RegisterSpec;)V @ 4
Event: 8.324 Thread 0x0000000056427000 Uncommon trap: reason=bimorphic action=maybe_recompile pc=0x0000000002dbb634 method=com.android.dx.rop.code.RegisterSpec.withSimpleType()Lcom/android/dx/rop/code/RegisterSpec; @ 21
Event: 8.848 Thread 0x00000000563ca000 Uncommon trap: reason=bimorphic action=maybe_recompile pc=0x0000000002dbb634 method=com.android.dx.rop.code.RegisterSpec.withSimpleType()Lcom/android/dx/rop/code/RegisterSpec; @ 21
Event: 8.953 Thread 0x0000000056429000 Uncommon trap: reason=bimorphic action=maybe_recompile pc=0x0000000002dbb634 method=com.android.dx.rop.code.RegisterSpec.withSimpleType()Lcom/android/dx/rop/code/RegisterSpec; @ 21

Internal exceptions (3 events):
Event: 0.283 Thread 0x00000000020de000 Exception <a 'java/lang/NoSuchMethodError': Method sun.misc.Unsafe.defineClass(Ljava/lang/String;[BII)Ljava/lang/Class; name or signature does not match> (0x00000000eab07c78) thrown at [C:\re\workspace\8-2-build-windows-amd64-cygwin\jdk8u111\7883\hotspot\
Event: 0.284 Thread 0x00000000020de000 Exception <a 'java/lang/NoSuchMethodError': Method sun.misc.Unsafe.prefetchRead(Ljava/lang/Object;J)V name or signature does not match> (0x00000000eab07f60) thrown at [C:\re\workspace\8-2-build-windows-amd64-cygwin\jdk8u111\7883\hotspot\src\share\vm\prims
Event: 0.582 Thread 0x00000000020de000 Exception <a 'java/io/FileNotFoundException'> (0x00000000eab5b010) thrown at [C:\re\workspace\8-2-build-windows-amd64-cygwin\jdk8u111\7883\hotspot\src\share\vm\prims\jni.cpp, line 709]

Events (10 events):
Event: 8.324 Thread 0x0000000056427000 DEOPT PACKING pc=0x0000000002dbb634 sp=0x0000000056d1e800
Event: 8.324 Thread 0x0000000056427000 DEOPT UNPACKING pc=0x000000000278582a sp=0x0000000056d1e798 mode 2
Event: 8.605 Executing VM operation: ParallelGCFailedAllocation
Event: 8.745 Executing VM operation: ParallelGCFailedAllocation done
Event: 8.848 Thread 0x00000000563ca000 Uncommon trap: trap_request=0xffffffc6 fr.pc=0x0000000002dbb634
Event: 8.848 Thread 0x00000000563ca000 DEOPT PACKING pc=0x0000000002dbb634 sp=0x0000000055d8e920
Event: 8.848 Thread 0x00000000563ca000 DEOPT UNPACKING pc=0x000000000278582a sp=0x0000000055d8e8b8 mode 2
Event: 8.953 Thread 0x0000000056429000 Uncommon trap: trap_request=0xffffffc6 fr.pc=0x0000000002dbb634
Event: 8.953 Thread 0x0000000056429000 DEOPT PACKING pc=0x0000000002dbb634 sp=0x0000000056ffe6c0
Event: 8.953 Thread 0x0000000056429000 DEOPT UNPACKING pc=0x000000000278582a sp=0x0000000056ffe658 mode 2


Dynamic libraries:
0x000000013f740000 - 0x000000013f777000 	C:\Program Files\Java\jdk1.8.0_111\bin\java.exe
0x00000000770e0000 - 0x0000000077289000 	C:\Windows\SYSTEM32\ntdll.dll
0x0000000076fc0000 - 0x00000000770df000 	C:\Windows\system32\kernel32.dll
0x000007fefd0f0000 - 0x000007fefd15c000 	C:\Windows\system32\KERNELBASE.dll
0x000007fefdc10000 - 0x000007fefdceb000 	C:\Windows\system32\ADVAPI32.dll
0x000007fefde80000 - 0x000007fefdf1f000 	C:\Windows\system32\msvcrt.dll
0x000007fefe4d0000 - 0x000007fefe4ef000 	C:\Windows\SYSTEM32\sechost.dll
0x000007fefdd30000 - 0x000007fefde5d000 	C:\Windows\system32\RPCRT4.dll
0x0000000076ec0000 - 0x0000000076fba000 	C:\Windows\system32\USER32.dll
0x000007fefd5a0000 - 0x000007fefd607000 	C:\Windows\system32\GDI32.dll
0x000007fefe4c0000 - 0x000007fefe4ce000 	C:\Windows\system32\LPK.dll
0x000007feff280000 - 0x000007feff349000 	C:\Windows\system32\USP10.dll
0x000007fefb8d0000 - 0x000007fefbac4000 	C:\Windows\WinSxS\amd64_microsoft.windows.common-controls_6595b64144ccf1df_6.0.7601.17514_none_fa396087175ac9ac\COMCTL32.dll
0x000007fefd750000 - 0x000007fefd7c1000 	C:\Windows\system32\SHLWAPI.dll
0x000007fefdd00000 - 0x000007fefdd2e000 	C:\Windows\system32\IMM32.DLL
0x000007fefdf20000 - 0x000007fefe029000 	C:\Windows\system32\MSCTF.dll
0x0000000070dc0000 - 0x0000000070e92000 	C:\Program Files\Java\jdk1.8.0_111\jre\bin\msvcr100.dll
0x000000006fba0000 - 0x000000007043a000 	C:\Program Files\Java\jdk1.8.0_111\jre\bin\server\jvm.dll
0x000007fef8500000 - 0x000007fef8509000 	C:\Windows\system32\WSOCK32.dll
0x000007fefd7d0000 - 0x000007fefd81d000 	C:\Windows\system32\WS2_32.dll
0x000007fefdcf0000 - 0x000007fefdcf8000 	C:\Windows\system32\NSI.dll
0x000007fefad90000 - 0x000007fefadcb000 	C:\Windows\system32\WINMM.dll
0x000007fefc140000 - 0x000007fefc14c000 	C:\Windows\system32\VERSION.dll
0x00000000772b0000 - 0x00000000772b7000 	C:\Windows\system32\PSAPI.DLL
0x0000000073650000 - 0x000000007365f000 	C:\Program Files\Java\jdk1.8.0_111\jre\bin\verify.dll
0x00000000735c0000 - 0x00000000735e9000 	C:\Program Files\Java\jdk1.8.0_111\jre\bin\java.dll
0x00000000735a0000 - 0x00000000735b6000 	C:\Program Files\Java\jdk1.8.0_111\jre\bin\zip.dll
0x000007fefe4f0000 - 0x000007feff279000 	C:\Windows\system32\SHELL32.dll
0x000007fefe2b0000 - 0x000007fefe4b3000 	C:\Windows\system32\ole32.dll
0x000007fefcfe0000 - 0x000007fefcfef000 	C:\Windows\system32\profapi.dll

VM Arguments:
jvm_args: -Xmx1024M -Dfile.encoding=windows-1251 -Duser.country=RU -Duser.language=ru -Duser.variant 
java_command: com.android.dx.command.Main --dex --num-threads=4 --output C:\!DISK\GitHub\Budget\anBudget\android\app\build\intermediates\pre-dexed\debug\internal_impl-23.4.0-6f09cb4c1eaf191c2084b813ac2374fc7070c935.jar C:\!DISK\GitHub\Budget\anBudget\android\app\build\intermediates\exploded-aar\com.android.support\support-v4\23.4.0\jars\libs\internal_impl-23.4.0.jar
java_class_path (initial): C:\Users\ed\AppData\Local\Android\sdk\build-tools\23.0.1\lib\dx.jar
Launcher Type: SUN_STANDARD

Environment Variables:
CLASSPATH=C:\!DISK\GitHub\Budget\anBudget\android\\gradle\wrapper\gradle-wrapper.jar
PATH=C:\ProgramData\Oracle\Java\javapath;C:\Windows\system32;C:\Windows;C:\Windows\System32\Wbem;C:\Windows\System32\WindowsPowerShell\v1.0\;C:\Program Files (x86)\Skype\Phone\;C:\Program Files\Git\cmd;C:\Program Files\nodejs\;C:\Users\ed\AppData\Roaming\npm;C:\Program Files\Heroku\bin;C:\Program Files\Java\jdk1.8.0_111\bin
USERNAME=ed
OS=Windows_NT
PROCESSOR_IDENTIFIER=Intel64 Family 6 Model 55 Stepping 8, GenuineIntel



---------------  S Y S T E M  ---------------

OS: Windows 7 , 64 bit Build 7601 (6.1.7601.18409)

CPU:total 2 (2 cores per cpu, 1 threads per core) family 6 model 55 stepping 8, cmov, cx8, fxsr, mmx, sse, sse2, sse3, ssse3, sse4.1, sse4.2, popcnt, clmul, erms, 3dnowpref, tsc, tscinvbit

Memory: 4k page, physical 4075892k(221828k free), swap 5098036k(10172k free)

vm_info: Java HotSpot(TM) 64-Bit Server VM (25.111-b14) for windows-amd64 JRE (1.8.0_111-b14), built on Sep 22 2016 19:24:05 by "java_re" with MS VC++ 10.0 (VS2010)

time: Sun Feb 19 13:52:50 2017
elapsed time: 9 seconds (0d 0h 0m 9s)

